<?xml version="1.0" encoding="UTF-8"?>
<robot generator="Robot 6.0.1 (Python 3.10.9 on win32)" generated="20230102 15:03:03.682" rpa="false" schemaversion="3">
<suite id="s1" name="Sanaol Agency" source="C:\Users\Marc\Documents\GitHub\sanaol_agency">
<suite id="s1-s1" name="Vue" source="C:\Users\Marc\Documents\GitHub\sanaol_agency\vue">
<suite id="s1-s1-s1" name="Selenium" source="C:\Users\Marc\Documents\GitHub\sanaol_agency\vue\selenium">
<suite id="s1-s1-s1-s1" name="AccountTestCases" source="C:\Users\Marc\Documents\GitHub\sanaol_agency\vue\selenium\AccountTestCases.robot">
<test id="s1-s1-s1-s1-t1" name="Check Membership Registration Functionalities" line="64">
<kw name="Open Browser" library="SeleniumLibrary" type="SETUP">
<arg>${url}</arg>
<arg>${browser}</arg>
<doc>Opens a new browser instance to the optional ``url``.</doc>
<msg timestamp="20230102 15:03:04.285" level="INFO">Opening browser 'Chrome' to base url 'http://localhost:5173/'.</msg>
<status status="PASS" starttime="20230102 15:03:04.283" endtime="20230102 15:03:07.847"/>
</kw>
<kw name="Set Selenium Speed" library="SeleniumLibrary">
<arg>${speed-slow}</arg>
<doc>Sets the delay that is waited after each Selenium command.</doc>
<status status="PASS" starttime="20230102 15:03:07.848" endtime="20230102 15:03:07.849"/>
</kw>
<kw name="Click Element" library="SeleniumLibrary">
<arg>${nav-reg}</arg>
<doc>Click the element identified by ``locator``.</doc>
<msg timestamp="20230102 15:03:07.851" level="INFO">Clicking element 'xpath://html[1]/body[1]/div[1]/div[1]/div[1]/nav[1]/div[1]/span[1]/a[1]'.</msg>
<status status="PASS" starttime="20230102 15:03:07.850" endtime="20230102 15:03:08.186"/>
</kw>
<kw name="Check If All Fields Are Inputable">
<kw name="Element Text Should Be" library="SeleniumLibrary">
<arg>//h1[contains(text(),'Become a Rising Star')]</arg>
<arg>Become a Rising Star</arg>
<doc>Verifies that element ``locator`` contains exact the text ``expected``.</doc>
<msg timestamp="20230102 15:03:08.195" level="INFO">Verifying element '//h1[contains(text(),'Become a Rising Star')]' contains exact text 'Become a Rising Star'.</msg>
<status status="PASS" starttime="20230102 15:03:08.191" endtime="20230102 15:03:08.452"/>
</kw>
<kw name="Input Text" library="SeleniumLibrary">
<arg>${fname}</arg>
<arg>test</arg>
<arg>clear=true</arg>
<doc>Types the given ``text`` into the text field identified by ``locator``.</doc>
<msg timestamp="20230102 15:03:08.459" level="INFO">Typing text 'test' into text field 'xpath://input[@id='fname']'.</msg>
<status status="PASS" starttime="20230102 15:03:08.453" endtime="20230102 15:03:08.957"/>
</kw>
<kw name="Input Text" library="SeleniumLibrary">
<arg>${lname}</arg>
<arg>test</arg>
<arg>clear=true</arg>
<doc>Types the given ``text`` into the text field identified by ``locator``.</doc>
<msg timestamp="20230102 15:03:08.958" level="INFO">Typing text 'test' into text field 'xpath://input[@id='lname']'.</msg>
<status status="PASS" starttime="20230102 15:03:08.957" endtime="20230102 15:03:09.430"/>
</kw>
<kw name="Input Text" library="SeleniumLibrary">
<arg>${insta_handle}</arg>
<arg>test</arg>
<arg>clear=true</arg>
<doc>Types the given ``text`` into the text field identified by ``locator``.</doc>
<msg timestamp="20230102 15:03:09.431" level="INFO">Typing text 'test' into text field 'xpath://input[@id='insta_handle']'.</msg>
<status status="PASS" starttime="20230102 15:03:09.430" endtime="20230102 15:03:09.886"/>
</kw>
<kw name="Input Text" library="SeleniumLibrary">
<arg>${email}</arg>
<arg>test@test.com</arg>
<arg>clear=true</arg>
<doc>Types the given ``text`` into the text field identified by ``locator``.</doc>
<msg timestamp="20230102 15:03:09.898" level="INFO">Typing text 'test@test.com' into text field 'xpath://input[@id='email']'.</msg>
<status status="PASS" starttime="20230102 15:03:09.893" endtime="20230102 15:03:10.450"/>
</kw>
<kw name="Input Password" library="SeleniumLibrary">
<arg>${password}</arg>
<arg>testtest</arg>
<doc>Types the given password into the text field identified by ``locator``.</doc>
<msg timestamp="20230102 15:03:10.460" level="INFO">Typing password into text field 'xpath://input[@id='password']'.</msg>
<msg timestamp="20230102 15:03:10.751" level="INFO">Temporally setting log level to: NONE</msg>
<msg timestamp="20230102 15:03:10.976" level="INFO">Log level changed from NONE to INFO.</msg>
<status status="PASS" starttime="20230102 15:03:10.451" endtime="20230102 15:03:10.982"/>
</kw>
<kw name="Input Password" library="SeleniumLibrary">
<arg>${confirm_password}</arg>
<arg>testtest</arg>
<doc>Types the given password into the text field identified by ``locator``.</doc>
<msg timestamp="20230102 15:03:10.990" level="INFO">Typing password into text field 'xpath://input[@id='confirm_password']'.</msg>
<msg timestamp="20230102 15:03:11.258" level="INFO">Temporally setting log level to: NONE</msg>
<msg timestamp="20230102 15:03:11.482" level="INFO">Log level changed from NONE to INFO.</msg>
<status status="PASS" starttime="20230102 15:03:10.983" endtime="20230102 15:03:11.485"/>
</kw>
<kw name="Input Text" library="SeleniumLibrary">
<arg>${reason}</arg>
<arg>test@test.com</arg>
<arg>clear=true</arg>
<doc>Types the given ``text`` into the text field identified by ``locator``.</doc>
<msg timestamp="20230102 15:03:11.499" level="INFO">Typing text 'test@test.com' into text field 'xpath://textarea[@id='reason']'.</msg>
<status status="PASS" starttime="20230102 15:03:11.494" endtime="20230102 15:03:12.032"/>
</kw>
<status status="PASS" starttime="20230102 15:03:08.190" endtime="20230102 15:03:12.033"/>
</kw>
<kw name="Check If All Password Fields Are Of Type Password">
<kw name="Element Attribute Value Should Be" library="SeleniumLibrary">
<arg>${password}</arg>
<arg>type</arg>
<arg>password</arg>
<doc>Verifies element identified by ``locator`` contains expected attribute value.</doc>
<msg timestamp="20230102 15:03:12.287" level="INFO">Element 'xpath://input[@id='password']' attribute 'type' contains value 'password'.</msg>
<status status="PASS" starttime="20230102 15:03:12.038" endtime="20230102 15:03:12.294"/>
</kw>
<kw name="Element Attribute Value Should Be" library="SeleniumLibrary">
<arg>${confirm_password}</arg>
<arg>type</arg>
<arg>password</arg>
<doc>Verifies element identified by ``locator`` contains expected attribute value.</doc>
<msg timestamp="20230102 15:03:12.616" level="INFO">Element 'xpath://input[@id='confirm_password']' attribute 'type' contains value 'password'.</msg>
<status status="PASS" starttime="20230102 15:03:12.295" endtime="20230102 15:03:12.620"/>
</kw>
<status status="PASS" starttime="20230102 15:03:12.034" endtime="20230102 15:03:12.627"/>
</kw>
<kw name="Click Button" library="SeleniumLibrary">
<arg>${apply}</arg>
<doc>Clicks the button identified by ``locator``.</doc>
<msg timestamp="20230102 15:03:12.645" level="INFO">Clicking button 'xpath://button[contains(text(),'APPLY AS A MEMBER')]'.</msg>
<status status="PASS" starttime="20230102 15:03:12.635" endtime="20230102 15:03:13.372"/>
</kw>
<kw name="Sleep" library="BuiltIn">
<arg>2 seconds</arg>
<doc>Pauses the test executed for the given time.</doc>
<msg timestamp="20230102 15:03:15.380" level="INFO">Slept 2 seconds</msg>
<status status="PASS" starttime="20230102 15:03:13.373" endtime="20230102 15:03:15.380"/>
</kw>
<kw name="Click Button" library="SeleniumLibrary">
<arg>${confirm}</arg>
<doc>Clicks the button identified by ``locator``.</doc>
<msg timestamp="20230102 15:03:15.383" level="INFO">Clicking button 'xpath://button[contains(text(),'Confirm')]'.</msg>
<status status="PASS" starttime="20230102 15:03:15.382" endtime="20230102 15:03:16.027"/>
</kw>
<kw name="Get Location" library="SeleniumLibrary">
<var>${current_link}</var>
<doc>Returns the current browser window URL.</doc>
<msg timestamp="20230102 15:03:16.138" level="INFO">${current_link} = http://localhost:5173/login</msg>
<status status="PASS" starttime="20230102 15:03:16.028" endtime="20230102 15:03:16.139"/>
</kw>
<kw name="Log" library="BuiltIn">
<arg>Current link is: ${current_link}</arg>
<arg>console=yes</arg>
<doc>Logs the given message with the given level.</doc>
<msg timestamp="20230102 15:03:16.146" level="INFO">Current link is: http://localhost:5173/login</msg>
<status status="PASS" starttime="20230102 15:03:16.145" endtime="20230102 15:03:16.148"/>
</kw>
<kw name="Log" library="BuiltIn">
<arg>Actual link should be: ${url_login}</arg>
<arg>console=yes</arg>
<doc>Logs the given message with the given level.</doc>
<msg timestamp="20230102 15:03:16.152" level="INFO">Actual link should be: http://localhost:5173/login</msg>
<status status="PASS" starttime="20230102 15:03:16.150" endtime="20230102 15:03:16.160"/>
</kw>
<kw name="Convert To String" library="BuiltIn">
<var>${current_link}</var>
<arg>${current_link}</arg>
<doc>Converts the given item to a Unicode string.</doc>
<msg timestamp="20230102 15:03:16.162" level="INFO">${current_link} = http://localhost:5173/login</msg>
<status status="PASS" starttime="20230102 15:03:16.161" endtime="20230102 15:03:16.166"/>
</kw>
<kw name="Convert To String" library="BuiltIn">
<var>${temp}</var>
<arg>${url_login}</arg>
<doc>Converts the given item to a Unicode string.</doc>
<msg timestamp="20230102 15:03:16.168" level="INFO">${temp} = http://localhost:5173/login</msg>
<status status="PASS" starttime="20230102 15:03:16.167" endtime="20230102 15:03:16.169"/>
</kw>
<kw name="Should Be Equal As Strings" library="BuiltIn">
<arg>${current_link}</arg>
<arg>${temp}</arg>
<doc>Fails if objects are unequal after converting them to strings.</doc>
<status status="PASS" starttime="20230102 15:03:16.179" endtime="20230102 15:03:16.180"/>
</kw>
<kw name="Teardown" type="TEARDOWN">
<kw name="Set Selenium Speed" library="SeleniumLibrary">
<arg>0.1 seconds</arg>
<doc>Sets the delay that is waited after each Selenium command.</doc>
<status status="PASS" starttime="20230102 15:03:16.181" endtime="20230102 15:03:16.182"/>
</kw>
<kw name="Close Browser" library="SeleniumLibrary">
<doc>Closes the current browser.</doc>
<status status="PASS" starttime="20230102 15:03:16.182" endtime="20230102 15:03:20.588"/>
</kw>
<status status="PASS" starttime="20230102 15:03:16.181" endtime="20230102 15:03:20.592"/>
</kw>
<status status="PASS" starttime="20230102 15:03:04.281" endtime="20230102 15:03:20.595"/>
</test>
<test id="s1-s1-s1-s1-t2" name="Check Login Status Using Newly Registered Account" line="83">
<kw name="Open Browser" library="SeleniumLibrary" type="SETUP">
<arg>${url}</arg>
<arg>${browser}</arg>
<doc>Opens a new browser instance to the optional ``url``.</doc>
<msg timestamp="20230102 15:03:20.623" level="INFO">Opening browser 'Chrome' to base url 'http://localhost:5173/'.</msg>
<status status="PASS" starttime="20230102 15:03:20.616" endtime="20230102 15:03:24.054"/>
</kw>
<kw name="Set Selenium Speed" library="SeleniumLibrary">
<arg>${speed-slow}</arg>
<doc>Sets the delay that is waited after each Selenium command.</doc>
<status status="PASS" starttime="20230102 15:03:24.056" endtime="20230102 15:03:24.057"/>
</kw>
<kw name="Test Login">
<kw name="Click Element" library="SeleniumLibrary">
<arg>${nav_login}</arg>
<doc>Click the element identified by ``locator``.</doc>
<msg timestamp="20230102 15:03:24.060" level="INFO">Clicking element 'xpath://html[1]/body[1]/div[1]/div[1]/div[1]/nav[1]/div[1]/span[1]/a[5]/span[1]'.</msg>
<status status="PASS" starttime="20230102 15:03:24.059" endtime="20230102 15:03:24.431"/>
</kw>
<kw name="Input Text" library="SeleniumLibrary">
<arg>${login_email_field}</arg>
<arg>${test_email}</arg>
<arg>clear=true</arg>
<doc>Types the given ``text`` into the text field identified by ``locator``.</doc>
<msg timestamp="20230102 15:03:24.433" level="INFO">Typing text 'test@test.com' into text field 'xpath://input[@id='email']'.</msg>
<status status="PASS" starttime="20230102 15:03:24.432" endtime="20230102 15:03:25.275"/>
</kw>
<kw name="Input Password" library="SeleniumLibrary">
<arg>${login_password_field}</arg>
<arg>${test_password}</arg>
<arg>clear=true</arg>
<doc>Types the given password into the text field identified by ``locator``.</doc>
<msg timestamp="20230102 15:03:25.277" level="INFO">Typing password into text field 'xpath://input[@id='password']'.</msg>
<msg timestamp="20230102 15:03:25.559" level="INFO">Temporally setting log level to: NONE</msg>
<msg timestamp="20230102 15:03:25.780" level="INFO">Log level changed from NONE to INFO.</msg>
<status status="PASS" starttime="20230102 15:03:25.275" endtime="20230102 15:03:25.781"/>
</kw>
<kw name="Click Button" library="SeleniumLibrary">
<arg>${login_submit_button}</arg>
<doc>Clicks the button identified by ``locator``.</doc>
<msg timestamp="20230102 15:03:25.783" level="INFO">Clicking button 'xpath://button[contains(text(),'Log in')]'.</msg>
<status status="PASS" starttime="20230102 15:03:25.781" endtime="20230102 15:03:26.501"/>
</kw>
<kw name="Sleep" library="BuiltIn">
<arg>1 seconds</arg>
<doc>Pauses the test executed for the given time.</doc>
<msg timestamp="20230102 15:03:27.511" level="INFO">Slept 1 second</msg>
<status status="PASS" starttime="20230102 15:03:26.501" endtime="20230102 15:03:27.520"/>
</kw>
<kw name="Wait Until Page Contains Element" library="SeleniumLibrary">
<arg>${nav_user}</arg>
<doc>Waits until the element ``locator`` appears on the current page.</doc>
<status status="PASS" starttime="20230102 15:03:27.528" endtime="20230102 15:03:27.658"/>
</kw>
<kw name="Get Text" library="SeleniumLibrary">
<var>${x}</var>
<arg>${nav_user}</arg>
<doc>Returns the text value of the element identified by ``locator``.</doc>
<msg timestamp="20230102 15:03:27.971" level="INFO">${x} = test</msg>
<status status="PASS" starttime="20230102 15:03:27.659" endtime="20230102 15:03:27.972"/>
</kw>
<kw name="Should Be Equal As Strings" library="BuiltIn">
<arg>${x}</arg>
<arg>${test_fname}</arg>
<doc>Fails if objects are unequal after converting them to strings.</doc>
<status status="PASS" starttime="20230102 15:03:27.973" endtime="20230102 15:03:27.975"/>
</kw>
<status status="PASS" starttime="20230102 15:03:24.058" endtime="20230102 15:03:27.975"/>
</kw>
<kw name="Sleep" library="BuiltIn">
<arg>5 seconds</arg>
<doc>Pauses the test executed for the given time.</doc>
<msg timestamp="20230102 15:03:32.980" level="INFO">Slept 5 seconds</msg>
<status status="PASS" starttime="20230102 15:03:27.976" endtime="20230102 15:03:32.981"/>
</kw>
<kw name="Teardown" type="TEARDOWN">
<kw name="Set Selenium Speed" library="SeleniumLibrary">
<arg>0.1 seconds</arg>
<doc>Sets the delay that is waited after each Selenium command.</doc>
<status status="PASS" starttime="20230102 15:03:32.983" endtime="20230102 15:03:32.984"/>
</kw>
<kw name="Close Browser" library="SeleniumLibrary">
<doc>Closes the current browser.</doc>
<status status="PASS" starttime="20230102 15:03:32.984" endtime="20230102 15:03:35.563"/>
</kw>
<status status="PASS" starttime="20230102 15:03:32.983" endtime="20230102 15:03:35.565"/>
</kw>
<status status="PASS" starttime="20230102 15:03:20.610" endtime="20230102 15:03:35.567"/>
</test>
<test id="s1-s1-s1-s1-t3" name="Registration error: Incomplete fields" line="88">
<kw name="Open Browser" library="SeleniumLibrary" type="SETUP">
<arg>${url}</arg>
<arg>${browser}</arg>
<doc>Opens a new browser instance to the optional ``url``.</doc>
<msg timestamp="20230102 15:03:35.596" level="INFO">Opening browser 'Chrome' to base url 'http://localhost:5173/'.</msg>
<status status="PASS" starttime="20230102 15:03:35.591" endtime="20230102 15:03:38.368"/>
</kw>
<kw name="Set Selenium Speed" library="SeleniumLibrary">
<arg>${speed-slow}</arg>
<doc>Sets the delay that is waited after each Selenium command.</doc>
<status status="PASS" starttime="20230102 15:03:38.382" endtime="20230102 15:03:38.383"/>
</kw>
<kw name="Click Element" library="SeleniumLibrary">
<arg>${nav-reg}</arg>
<doc>Click the element identified by ``locator``.</doc>
<msg timestamp="20230102 15:03:38.402" level="INFO">Clicking element 'xpath://html[1]/body[1]/div[1]/div[1]/div[1]/nav[1]/div[1]/span[1]/a[1]'.</msg>
<status status="PASS" starttime="20230102 15:03:38.401" endtime="20230102 15:03:39.122"/>
</kw>
<kw name="Input Text" library="SeleniumLibrary">
<arg>${fname}</arg>
<arg>test2</arg>
<arg>clear=true</arg>
<doc>Types the given ``text`` into the text field identified by ``locator``.</doc>
<msg timestamp="20230102 15:03:39.132" level="INFO">Typing text 'test2' into text field 'xpath://input[@id='fname']'.</msg>
<status status="PASS" starttime="20230102 15:03:39.130" endtime="20230102 15:03:39.766"/>
</kw>
<kw name="Input Text" library="SeleniumLibrary">
<arg>${email}</arg>
<arg>test@test.com</arg>
<arg>clear=true</arg>
<doc>Types the given ``text`` into the text field identified by ``locator``.</doc>
<msg timestamp="20230102 15:03:39.768" level="INFO">Typing text 'test@test.com' into text field 'xpath://input[@id='email']'.</msg>
<status status="PASS" starttime="20230102 15:03:39.767" endtime="20230102 15:03:40.239"/>
</kw>
<kw name="Input Password" library="SeleniumLibrary">
<arg>${password}</arg>
<arg>testtest2</arg>
<doc>Types the given password into the text field identified by ``locator``.</doc>
<msg timestamp="20230102 15:03:40.242" level="INFO">Typing password into text field 'xpath://input[@id='password']'.</msg>
<msg timestamp="20230102 15:03:40.508" level="INFO">Temporally setting log level to: NONE</msg>
<msg timestamp="20230102 15:03:40.697" level="INFO">Log level changed from NONE to INFO.</msg>
<status status="PASS" starttime="20230102 15:03:40.241" endtime="20230102 15:03:40.700"/>
</kw>
<kw name="Input Password" library="SeleniumLibrary">
<arg>${confirm_password}</arg>
<arg>testtest2</arg>
<doc>Types the given password into the text field identified by ``locator``.</doc>
<msg timestamp="20230102 15:03:40.718" level="INFO">Typing password into text field 'xpath://input[@id='confirm_password']'.</msg>
<msg timestamp="20230102 15:03:41.029" level="INFO">Temporally setting log level to: NONE</msg>
<msg timestamp="20230102 15:03:41.248" level="INFO">Log level changed from NONE to INFO.</msg>
<status status="PASS" starttime="20230102 15:03:40.712" endtime="20230102 15:03:41.251"/>
</kw>
<kw name="Input Text" library="SeleniumLibrary">
<arg>${reason}</arg>
<arg>test@test.com</arg>
<arg>clear=true</arg>
<doc>Types the given ``text`` into the text field identified by ``locator``.</doc>
<msg timestamp="20230102 15:03:41.267" level="INFO">Typing text 'test@test.com' into text field 'xpath://textarea[@id='reason']'.</msg>
<status status="PASS" starttime="20230102 15:03:41.262" endtime="20230102 15:03:41.781"/>
</kw>
<kw name="Click Button" library="SeleniumLibrary">
<arg>${apply}</arg>
<doc>Clicks the button identified by ``locator``.</doc>
<msg timestamp="20230102 15:03:41.795" level="INFO">Clicking button 'xpath://button[contains(text(),'APPLY AS A MEMBER')]'.</msg>
<status status="PASS" starttime="20230102 15:03:41.784" endtime="20230102 15:03:42.556"/>
</kw>
<kw name="Element Text Should Be" library="SeleniumLibrary">
<arg>${error-title-reg}</arg>
<arg>Registration Failed</arg>
<doc>Verifies that element ``locator`` contains exact the text ``expected``.</doc>
<msg timestamp="20230102 15:03:42.560" level="INFO">Verifying element 'xpath://html[1]/body[1]/div[1]/div[1]/div[1]/div[2]/div[1]/div[1]/div[1]/div[1]/div[1]/h2[1]' contains exact text 'Registration Failed'.</msg>
<status status="PASS" starttime="20230102 15:03:42.558" endtime="20230102 15:03:42.841"/>
</kw>
<kw name="Element Text Should Be" library="SeleniumLibrary">
<arg>${error-message-reg}</arg>
<arg>Fields are empty. Please enter your credentials.</arg>
<doc>Verifies that element ``locator`` contains exact the text ``expected``.</doc>
<msg timestamp="20230102 15:03:42.850" level="INFO">Verifying element 'xpath://html[1]/body[1]/div[1]/div[1]/div[1]/div[2]/div[1]/div[1]/div[1]/div[2]/h3[1]' contains exact text 'Fields are empty. Please enter your credentials.'.</msg>
<status status="PASS" starttime="20230102 15:03:42.844" endtime="20230102 15:03:43.157"/>
</kw>
<kw name="Teardown" type="TEARDOWN">
<kw name="Set Selenium Speed" library="SeleniumLibrary">
<arg>0.1 seconds</arg>
<doc>Sets the delay that is waited after each Selenium command.</doc>
<status status="PASS" starttime="20230102 15:03:43.164" endtime="20230102 15:03:43.166"/>
</kw>
<kw name="Close Browser" library="SeleniumLibrary">
<doc>Closes the current browser.</doc>
<status status="PASS" starttime="20230102 15:03:43.168" endtime="20230102 15:03:45.785"/>
</kw>
<status status="PASS" starttime="20230102 15:03:43.161" endtime="20230102 15:03:45.786"/>
</kw>
<status status="PASS" starttime="20230102 15:03:35.583" endtime="20230102 15:03:45.792"/>
</test>
<test id="s1-s1-s1-s1-t4" name="Registration error: Non matching passwords" line="101">
<kw name="Open Browser" library="SeleniumLibrary" type="SETUP">
<arg>${url}</arg>
<arg>${browser}</arg>
<doc>Opens a new browser instance to the optional ``url``.</doc>
<msg timestamp="20230102 15:03:45.816" level="INFO">Opening browser 'Chrome' to base url 'http://localhost:5173/'.</msg>
<status status="PASS" starttime="20230102 15:03:45.810" endtime="20230102 15:03:49.060"/>
</kw>
<kw name="Set Selenium Speed" library="SeleniumLibrary">
<arg>${speed-slow}</arg>
<doc>Sets the delay that is waited after each Selenium command.</doc>
<status status="PASS" starttime="20230102 15:03:49.062" endtime="20230102 15:03:49.063"/>
</kw>
<kw name="Click Element" library="SeleniumLibrary">
<arg>${nav-reg}</arg>
<doc>Click the element identified by ``locator``.</doc>
<msg timestamp="20230102 15:03:49.065" level="INFO">Clicking element 'xpath://html[1]/body[1]/div[1]/div[1]/div[1]/nav[1]/div[1]/span[1]/a[1]'.</msg>
<status status="PASS" starttime="20230102 15:03:49.064" endtime="20230102 15:03:49.533"/>
</kw>
<kw name="Input Text" library="SeleniumLibrary">
<arg>${fname}</arg>
<arg>test3</arg>
<arg>clear=true</arg>
<doc>Types the given ``text`` into the text field identified by ``locator``.</doc>
<msg timestamp="20230102 15:03:49.544" level="INFO">Typing text 'test3' into text field 'xpath://input[@id='fname']'.</msg>
<status status="PASS" starttime="20230102 15:03:49.543" endtime="20230102 15:03:50.186"/>
</kw>
<kw name="Input Text" library="SeleniumLibrary">
<arg>${lname}</arg>
<arg>test3</arg>
<arg>clear=true</arg>
<doc>Types the given ``text`` into the text field identified by ``locator``.</doc>
<msg timestamp="20230102 15:03:50.191" level="INFO">Typing text 'test3' into text field 'xpath://input[@id='lname']'.</msg>
<status status="PASS" starttime="20230102 15:03:50.189" endtime="20230102 15:03:50.691"/>
</kw>
<kw name="Input Text" library="SeleniumLibrary">
<arg>${insta_handle}</arg>
<arg>test3</arg>
<arg>clear=true</arg>
<doc>Types the given ``text`` into the text field identified by ``locator``.</doc>
<msg timestamp="20230102 15:03:50.693" level="INFO">Typing text 'test3' into text field 'xpath://input[@id='insta_handle']'.</msg>
<status status="PASS" starttime="20230102 15:03:50.691" endtime="20230102 15:03:51.182"/>
</kw>
<kw name="Input Text" library="SeleniumLibrary">
<arg>${email}</arg>
<arg>test@test.com</arg>
<arg>clear=true</arg>
<doc>Types the given ``text`` into the text field identified by ``locator``.</doc>
<msg timestamp="20230102 15:03:51.189" level="INFO">Typing text 'test@test.com' into text field 'xpath://input[@id='email']'.</msg>
<status status="PASS" starttime="20230102 15:03:51.184" endtime="20230102 15:03:51.696"/>
</kw>
<kw name="Input Password" library="SeleniumLibrary">
<arg>${password}</arg>
<arg>test1234</arg>
<doc>Types the given password into the text field identified by ``locator``.</doc>
<msg timestamp="20230102 15:03:51.707" level="INFO">Typing password into text field 'xpath://input[@id='password']'.</msg>
<msg timestamp="20230102 15:03:51.996" level="INFO">Temporally setting log level to: NONE</msg>
<msg timestamp="20230102 15:03:52.218" level="INFO">Log level changed from NONE to INFO.</msg>
<status status="PASS" starttime="20230102 15:03:51.699" endtime="20230102 15:03:52.226"/>
</kw>
<kw name="Input Password" library="SeleniumLibrary">
<arg>${confirm_password}</arg>
<arg>test5678</arg>
<doc>Types the given password into the text field identified by ``locator``.</doc>
<msg timestamp="20230102 15:03:52.241" level="INFO">Typing password into text field 'xpath://input[@id='confirm_password']'.</msg>
<msg timestamp="20230102 15:03:52.516" level="INFO">Temporally setting log level to: NONE</msg>
<msg timestamp="20230102 15:03:52.750" level="INFO">Log level changed from NONE to INFO.</msg>
<status status="PASS" starttime="20230102 15:03:52.235" endtime="20230102 15:03:52.756"/>
</kw>
<kw name="Input Text" library="SeleniumLibrary">
<arg>${reason}</arg>
<arg>test@test.com</arg>
<arg>clear=true</arg>
<doc>Types the given ``text`` into the text field identified by ``locator``.</doc>
<msg timestamp="20230102 15:03:52.763" level="INFO">Typing text 'test@test.com' into text field 'xpath://textarea[@id='reason']'.</msg>
<status status="PASS" starttime="20230102 15:03:52.761" endtime="20230102 15:03:53.285"/>
</kw>
<kw name="Click Button" library="SeleniumLibrary">
<arg>${apply}</arg>
<doc>Clicks the button identified by ``locator``.</doc>
<msg timestamp="20230102 15:03:53.295" level="INFO">Clicking button 'xpath://button[contains(text(),'APPLY AS A MEMBER')]'.</msg>
<status status="PASS" starttime="20230102 15:03:53.292" endtime="20230102 15:03:54.035"/>
</kw>
<kw name="Element Text Should Be" library="SeleniumLibrary">
<arg>${error-title-reg}</arg>
<arg>Registration Failed</arg>
<doc>Verifies that element ``locator`` contains exact the text ``expected``.</doc>
<msg timestamp="20230102 15:03:54.040" level="INFO">Verifying element 'xpath://html[1]/body[1]/div[1]/div[1]/div[1]/div[2]/div[1]/div[1]/div[1]/div[1]/div[1]/h2[1]' contains exact text 'Registration Failed'.</msg>
<status status="PASS" starttime="20230102 15:03:54.039" endtime="20230102 15:03:54.301"/>
</kw>
<kw name="Element Text Should Be" library="SeleniumLibrary">
<arg>${error-message-reg}</arg>
<arg>Password does not match. Please try again.</arg>
<doc>Verifies that element ``locator`` contains exact the text ``expected``.</doc>
<msg timestamp="20230102 15:03:54.314" level="INFO">Verifying element 'xpath://html[1]/body[1]/div[1]/div[1]/div[1]/div[2]/div[1]/div[1]/div[1]/div[2]/h3[1]' contains exact text 'Password does not match. Please try again.'.</msg>
<status status="PASS" starttime="20230102 15:03:54.309" endtime="20230102 15:03:54.628"/>
</kw>
<kw name="Teardown" type="TEARDOWN">
<kw name="Set Selenium Speed" library="SeleniumLibrary">
<arg>0.1 seconds</arg>
<doc>Sets the delay that is waited after each Selenium command.</doc>
<status status="PASS" starttime="20230102 15:03:54.630" endtime="20230102 15:03:54.631"/>
</kw>
<kw name="Close Browser" library="SeleniumLibrary">
<doc>Closes the current browser.</doc>
<status status="PASS" starttime="20230102 15:03:54.631" endtime="20230102 15:03:57.206"/>
</kw>
<status status="PASS" starttime="20230102 15:03:54.629" endtime="20230102 15:03:57.210"/>
</kw>
<status status="PASS" starttime="20230102 15:03:45.801" endtime="20230102 15:03:57.213"/>
</test>
<test id="s1-s1-s1-s1-t5" name="Login error: Incomplete credentials" line="116">
<kw name="Open Browser" library="SeleniumLibrary" type="SETUP">
<arg>${url}</arg>
<arg>${browser}</arg>
<doc>Opens a new browser instance to the optional ``url``.</doc>
<msg timestamp="20230102 15:03:57.247" level="INFO">Opening browser 'Chrome' to base url 'http://localhost:5173/'.</msg>
<status status="PASS" starttime="20230102 15:03:57.240" endtime="20230102 15:04:01.152"/>
</kw>
<kw name="Set Selenium Speed" library="SeleniumLibrary">
<arg>${speed-slow}</arg>
<doc>Sets the delay that is waited after each Selenium command.</doc>
<status status="PASS" starttime="20230102 15:04:01.153" endtime="20230102 15:04:01.155"/>
</kw>
<kw name="Click Element" library="SeleniumLibrary">
<arg>${nav_login}</arg>
<doc>Click the element identified by ``locator``.</doc>
<msg timestamp="20230102 15:04:01.157" level="INFO">Clicking element 'xpath://html[1]/body[1]/div[1]/div[1]/div[1]/nav[1]/div[1]/span[1]/a[5]/span[1]'.</msg>
<status status="PASS" starttime="20230102 15:04:01.156" endtime="20230102 15:04:01.563"/>
</kw>
<kw name="Input Text" library="SeleniumLibrary">
<arg>${login_email_field}</arg>
<arg>${test_email}</arg>
<doc>Types the given ``text`` into the text field identified by ``locator``.</doc>
<msg timestamp="20230102 15:04:01.588" level="INFO">Typing text 'test@test.com' into text field 'xpath://input[@id='email']'.</msg>
<status status="PASS" starttime="20230102 15:04:01.585" endtime="20230102 15:04:02.772"/>
</kw>
<kw name="Click Button" library="SeleniumLibrary">
<arg>${login_submit_button}</arg>
<doc>Clicks the button identified by ``locator``.</doc>
<msg timestamp="20230102 15:04:02.775" level="INFO">Clicking button 'xpath://button[contains(text(),'Log in')]'.</msg>
<status status="PASS" starttime="20230102 15:04:02.774" endtime="20230102 15:04:03.502"/>
</kw>
<kw name="Sleep" library="BuiltIn">
<arg>1 seconds</arg>
<doc>Pauses the test executed for the given time.</doc>
<msg timestamp="20230102 15:04:04.507" level="INFO">Slept 1 second</msg>
<status status="PASS" starttime="20230102 15:04:03.503" endtime="20230102 15:04:04.509"/>
</kw>
<kw name="Element Text Should Be" library="SeleniumLibrary">
<arg>${error-title-login}</arg>
<arg>Login Failed</arg>
<doc>Verifies that element ``locator`` contains exact the text ``expected``.</doc>
<msg timestamp="20230102 15:04:04.514" level="INFO">Verifying element 'xpath://html[1]/body[1]/div[1]/div[1]/div[1]/div[1]/div[1]/div[1]/div[1]/form[1]/div[4]/div[1]/div[1]/div[1]/div[1]/div[1]/h2[1]' contains exact text 'Login Failed'.</msg>
<status status="PASS" starttime="20230102 15:04:04.511" endtime="20230102 15:04:04.773"/>
</kw>
<kw name="Element Text Should Be" library="SeleniumLibrary">
<arg>${error-message-login}</arg>
<arg>Empty Fields. Please Enter your credentials.</arg>
<doc>Verifies that element ``locator`` contains exact the text ``expected``.</doc>
<msg timestamp="20230102 15:04:04.779" level="INFO">Verifying element 'xpath://html[1]/body[1]/div[1]/div[1]/div[1]/div[1]/div[1]/div[1]/div[1]/form[1]/div[4]/div[1]/div[1]/div[1]/div[2]/h3[1]' contains exact text 'Empty Fields. Please Enter your credentials.'.</msg>
<status status="PASS" starttime="20230102 15:04:04.776" endtime="20230102 15:04:05.552"/>
</kw>
<kw name="Teardown" type="TEARDOWN">
<kw name="Set Selenium Speed" library="SeleniumLibrary">
<arg>0.1 seconds</arg>
<doc>Sets the delay that is waited after each Selenium command.</doc>
<status status="PASS" starttime="20230102 15:04:05.561" endtime="20230102 15:04:05.563"/>
</kw>
<kw name="Close Browser" library="SeleniumLibrary">
<doc>Closes the current browser.</doc>
<status status="PASS" starttime="20230102 15:04:05.564" endtime="20230102 15:04:07.777"/>
</kw>
<status status="PASS" starttime="20230102 15:04:05.559" endtime="20230102 15:04:07.778"/>
</kw>
<status status="PASS" starttime="20230102 15:03:57.227" endtime="20230102 15:04:07.780"/>
</test>
<test id="s1-s1-s1-s1-t6" name="Login error: Incorrect credentials" line="126">
<kw name="Open Browser" library="SeleniumLibrary" type="SETUP">
<arg>${url}</arg>
<arg>${browser}</arg>
<doc>Opens a new browser instance to the optional ``url``.</doc>
<msg timestamp="20230102 15:04:07.797" level="INFO">Opening browser 'Chrome' to base url 'http://localhost:5173/'.</msg>
<status status="PASS" starttime="20230102 15:04:07.791" endtime="20230102 15:04:11.791"/>
</kw>
<kw name="Set Selenium Speed" library="SeleniumLibrary">
<arg>${speed-slow}</arg>
<doc>Sets the delay that is waited after each Selenium command.</doc>
<status status="PASS" starttime="20230102 15:04:11.792" endtime="20230102 15:04:11.793"/>
</kw>
<kw name="Click Element" library="SeleniumLibrary">
<arg>${nav_login}</arg>
<doc>Click the element identified by ``locator``.</doc>
<msg timestamp="20230102 15:04:11.795" level="INFO">Clicking element 'xpath://html[1]/body[1]/div[1]/div[1]/div[1]/nav[1]/div[1]/span[1]/a[5]/span[1]'.</msg>
<status status="PASS" starttime="20230102 15:04:11.794" endtime="20230102 15:04:12.326"/>
</kw>
<kw name="Input Text" library="SeleniumLibrary">
<arg>${login_email_field}</arg>
<arg>test@test.com</arg>
<doc>Types the given ``text`` into the text field identified by ``locator``.</doc>
<msg timestamp="20230102 15:04:12.329" level="INFO">Typing text 'test@test.com' into text field 'xpath://input[@id='email']'.</msg>
<status status="PASS" starttime="20230102 15:04:12.328" endtime="20230102 15:04:13.144"/>
</kw>
<kw name="Input Password" library="SeleniumLibrary">
<arg>${login_password_field}</arg>
<arg>test1234</arg>
<doc>Types the given password into the text field identified by ``locator``.</doc>
<msg timestamp="20230102 15:04:13.147" level="INFO">Typing password into text field 'xpath://input[@id='password']'.</msg>
<msg timestamp="20230102 15:04:13.555" level="INFO">Temporally setting log level to: NONE</msg>
<msg timestamp="20230102 15:04:13.741" level="INFO">Log level changed from NONE to INFO.</msg>
<status status="PASS" starttime="20230102 15:04:13.145" endtime="20230102 15:04:13.744"/>
</kw>
<kw name="Click Button" library="SeleniumLibrary">
<arg>${login_submit_button}</arg>
<doc>Clicks the button identified by ``locator``.</doc>
<msg timestamp="20230102 15:04:13.750" level="INFO">Clicking button 'xpath://button[contains(text(),'Log in')]'.</msg>
<status status="PASS" starttime="20230102 15:04:13.748" endtime="20230102 15:04:14.509"/>
</kw>
<kw name="Sleep" library="BuiltIn">
<arg>5 seconds</arg>
<doc>Pauses the test executed for the given time.</doc>
<msg timestamp="20230102 15:04:19.527" level="INFO">Slept 5 seconds</msg>
<status status="PASS" starttime="20230102 15:04:14.510" endtime="20230102 15:04:19.528"/>
</kw>
<kw name="Element Text Should Be" library="SeleniumLibrary">
<arg>${error-title-login}</arg>
<arg>Login Failed</arg>
<doc>Verifies that element ``locator`` contains exact the text ``expected``.</doc>
<msg timestamp="20230102 15:04:19.532" level="INFO">Verifying element 'xpath://html[1]/body[1]/div[1]/div[1]/div[1]/div[1]/div[1]/div[1]/div[1]/form[1]/div[4]/div[1]/div[1]/div[1]/div[1]/div[1]/h2[1]' contains exact text 'Login Failed'.</msg>
<status status="PASS" starttime="20230102 15:04:19.530" endtime="20230102 15:04:19.810"/>
</kw>
<kw name="Element Text Should Be" library="SeleniumLibrary">
<arg>${error-message-login}</arg>
<arg>Wrong Email or Password. Please try again.</arg>
<doc>Verifies that element ``locator`` contains exact the text ``expected``.</doc>
<msg timestamp="20230102 15:04:19.813" level="INFO">Verifying element 'xpath://html[1]/body[1]/div[1]/div[1]/div[1]/div[1]/div[1]/div[1]/div[1]/form[1]/div[4]/div[1]/div[1]/div[1]/div[2]/h3[1]' contains exact text 'Wrong Email or Password. Please try again.'.</msg>
<status status="PASS" starttime="20230102 15:04:19.811" endtime="20230102 15:04:20.092"/>
</kw>
<kw name="Teardown" type="TEARDOWN">
<kw name="Set Selenium Speed" library="SeleniumLibrary">
<arg>0.1 seconds</arg>
<doc>Sets the delay that is waited after each Selenium command.</doc>
<status status="PASS" starttime="20230102 15:04:20.101" endtime="20230102 15:04:20.103"/>
</kw>
<kw name="Close Browser" library="SeleniumLibrary">
<doc>Closes the current browser.</doc>
<status status="PASS" starttime="20230102 15:04:20.105" endtime="20230102 15:04:23.934"/>
</kw>
<status status="PASS" starttime="20230102 15:04:20.100" endtime="20230102 15:04:23.935"/>
</kw>
<status status="PASS" starttime="20230102 15:04:07.787" endtime="20230102 15:04:23.945"/>
</test>
<test id="s1-s1-s1-s1-t7" name="User type verification: Admin" line="137">
<kw name="Open Browser" library="SeleniumLibrary" type="SETUP">
<arg>${url}</arg>
<arg>${browser}</arg>
<doc>Opens a new browser instance to the optional ``url``.</doc>
<msg timestamp="20230102 15:04:23.988" level="INFO">Opening browser 'Chrome' to base url 'http://localhost:5173/'.</msg>
<status status="PASS" starttime="20230102 15:04:23.983" endtime="20230102 15:04:28.926"/>
</kw>
<kw name="Set Selenium Speed" library="SeleniumLibrary">
<arg>${speed-slow}</arg>
<doc>Sets the delay that is waited after each Selenium command.</doc>
<status status="PASS" starttime="20230102 15:04:29.011" endtime="20230102 15:04:29.013"/>
</kw>
<kw name="Login as Admin">
<kw name="Click Link" library="SeleniumLibrary">
<arg>${link-login}</arg>
<doc>Clicks a link identified by ``locator``.</doc>
<msg timestamp="20230102 15:04:29.212" level="INFO">Clicking link 'xpath://body/div[@id='app']/div[1]/div[1]/nav[1]/div[1]/span[1]/a[5]'.</msg>
<status status="PASS" starttime="20230102 15:04:29.145" endtime="20230102 15:04:30.591"/>
</kw>
<kw name="Input Text" library="SeleniumLibrary">
<arg>${login_email_field}</arg>
<arg>${admin-email}</arg>
<doc>Types the given ``text`` into the text field identified by ``locator``.</doc>
<msg timestamp="20230102 15:04:30.597" level="INFO">Typing text 'a@aa.com' into text field 'xpath://input[@id='email']'.</msg>
<status status="PASS" starttime="20230102 15:04:30.594" endtime="20230102 15:04:32.515"/>
</kw>
<kw name="Input Text" library="SeleniumLibrary">
<arg>${login_password_field}</arg>
<arg>${admin-pass}</arg>
<doc>Types the given ``text`` into the text field identified by ``locator``.</doc>
<msg timestamp="20230102 15:04:32.522" level="INFO">Typing text 'password' into text field 'xpath://input[@id='password']'.</msg>
<status status="PASS" starttime="20230102 15:04:32.516" endtime="20230102 15:04:33.098"/>
</kw>
<kw name="Click Button" library="SeleniumLibrary">
<arg>${login_submit_button}</arg>
<doc>Clicks the button identified by ``locator``.</doc>
<msg timestamp="20230102 15:04:33.101" level="INFO">Clicking button 'xpath://button[contains(text(),'Log in')]'.</msg>
<status status="PASS" starttime="20230102 15:04:33.099" endtime="20230102 15:04:33.794"/>
</kw>
<status status="PASS" starttime="20230102 15:04:29.141" endtime="20230102 15:04:33.795"/>
</kw>
<kw name="Sleep" library="BuiltIn">
<arg>4 seconds</arg>
<doc>Pauses the test executed for the given time.</doc>
<msg timestamp="20230102 15:04:37.812" level="INFO">Slept 4 seconds</msg>
<status status="PASS" starttime="20230102 15:04:33.805" endtime="20230102 15:04:37.813"/>
</kw>
<kw name="Element Should Be Visible" library="SeleniumLibrary">
<arg>//span[contains(text(),'USERS')]</arg>
<doc>Verifies that the element identified by ``locator`` is visible.</doc>
<msg timestamp="20230102 15:04:38.188" level="INFO">Element '//span[contains(text(),'USERS')]' is displayed.</msg>
<status status="PASS" starttime="20230102 15:04:37.822" endtime="20230102 15:04:38.189"/>
</kw>
<kw name="Element Should Not Be Visible" library="SeleniumLibrary">
<arg>//span[contains(text(),'PROFILE')]</arg>
<doc>Verifies that the element identified by ``locator`` is NOT visible.</doc>
<msg timestamp="20230102 15:04:38.472" level="INFO">Element '//span[contains(text(),'PROFILE')]' exists but is not displayed.</msg>
<status status="PASS" starttime="20230102 15:04:38.193" endtime="20230102 15:04:38.473"/>
</kw>
<kw name="Element Should Be Visible" library="SeleniumLibrary">
<arg>//span[contains(text(),'TALENTS')]</arg>
<doc>Verifies that the element identified by ``locator`` is visible.</doc>
<msg timestamp="20230102 15:04:38.770" level="INFO">Element '//span[contains(text(),'TALENTS')]' is displayed.</msg>
<status status="PASS" starttime="20230102 15:04:38.484" endtime="20230102 15:04:38.773"/>
</kw>
<kw name="Element Should Not Be Visible" library="SeleniumLibrary">
<arg>//span[contains(text(),'REMINDERS')]</arg>
<doc>Verifies that the element identified by ``locator`` is NOT visible.</doc>
<msg timestamp="20230102 15:04:39.133" level="INFO">Element '//span[contains(text(),'REMINDERS')]' exists but is not displayed.</msg>
<status status="PASS" starttime="20230102 15:04:38.790" endtime="20230102 15:04:39.134"/>
</kw>
<kw name="Element Should Be Visible" library="SeleniumLibrary">
<arg>//span[contains(text(),'SERVICES')]</arg>
<doc>Verifies that the element identified by ``locator`` is visible.</doc>
<msg timestamp="20230102 15:04:39.404" level="INFO">Element '//span[contains(text(),'SERVICES')]' is displayed.</msg>
<status status="PASS" starttime="20230102 15:04:39.138" endtime="20230102 15:04:39.405"/>
</kw>
<kw name="Element Should Be Visible" library="SeleniumLibrary">
<arg>//span[contains(text(),'NEWS &amp; EVENTS')]</arg>
<doc>Verifies that the element identified by ``locator`` is visible.</doc>
<msg timestamp="20230102 15:04:39.671" level="INFO">Element '//span[contains(text(),'NEWS &amp; EVENTS')]' is displayed.</msg>
<status status="PASS" starttime="20230102 15:04:39.407" endtime="20230102 15:04:39.672"/>
</kw>
<kw name="Element Should Be Visible" library="SeleniumLibrary">
<arg>${edit-hero-btn}</arg>
<doc>Verifies that the element identified by ``locator`` is visible.</doc>
<msg timestamp="20230102 15:04:39.938" level="INFO">Element 'xpath://html[1]/body[1]/div[1]/div[1]/div[1]/div[1]/div[1]/div[1]/div[1]/div[2]/div[2]/div[1]/div[1]/a[1]/button[1]' is displayed.</msg>
<status status="PASS" starttime="20230102 15:04:39.674" endtime="20230102 15:04:39.939"/>
</kw>
<kw name="Teardown" type="TEARDOWN">
<kw name="Set Selenium Speed" library="SeleniumLibrary">
<arg>0.1 seconds</arg>
<doc>Sets the delay that is waited after each Selenium command.</doc>
<status status="PASS" starttime="20230102 15:04:39.943" endtime="20230102 15:04:39.944"/>
</kw>
<kw name="Close Browser" library="SeleniumLibrary">
<doc>Closes the current browser.</doc>
<status status="PASS" starttime="20230102 15:04:39.944" endtime="20230102 15:04:44.041"/>
</kw>
<status status="PASS" starttime="20230102 15:04:39.942" endtime="20230102 15:04:44.042"/>
</kw>
<status status="PASS" starttime="20230102 15:04:23.981" endtime="20230102 15:04:44.043"/>
</test>
<test id="s1-s1-s1-s1-t8" name="User type verification: Talent" line="150">
<kw name="Open Browser" library="SeleniumLibrary" type="SETUP">
<arg>${url}</arg>
<arg>${browser}</arg>
<doc>Opens a new browser instance to the optional ``url``.</doc>
<msg timestamp="20230102 15:04:44.051" level="INFO">Opening browser 'Chrome' to base url 'http://localhost:5173/'.</msg>
<status status="PASS" starttime="20230102 15:04:44.049" endtime="20230102 15:04:48.711"/>
</kw>
<kw name="Set Selenium Speed" library="SeleniumLibrary">
<arg>${speed-slow}</arg>
<doc>Sets the delay that is waited after each Selenium command.</doc>
<status status="PASS" starttime="20230102 15:04:48.712" endtime="20230102 15:04:48.714"/>
</kw>
<kw name="Login as Talent">
<kw name="Click Link" library="SeleniumLibrary">
<arg>${link-login}</arg>
<doc>Clicks a link identified by ``locator``.</doc>
<msg timestamp="20230102 15:04:48.721" level="INFO">Clicking link 'xpath://body/div[@id='app']/div[1]/div[1]/nav[1]/div[1]/span[1]/a[5]'.</msg>
<status status="PASS" starttime="20230102 15:04:48.718" endtime="20230102 15:04:49.277"/>
</kw>
<kw name="Input Text" library="SeleniumLibrary">
<arg>${login_email_field}</arg>
<arg>${talent-email}</arg>
<doc>Types the given ``text`` into the text field identified by ``locator``.</doc>
<msg timestamp="20230102 15:04:49.280" level="INFO">Typing text 't@aa.com' into text field 'xpath://input[@id='email']'.</msg>
<status status="PASS" starttime="20230102 15:04:49.278" endtime="20230102 15:04:50.854"/>
</kw>
<kw name="Input Text" library="SeleniumLibrary">
<arg>${login_password_field}</arg>
<arg>${talent-pass}</arg>
<doc>Types the given ``text`` into the text field identified by ``locator``.</doc>
<msg timestamp="20230102 15:04:50.857" level="INFO">Typing text 'password' into text field 'xpath://input[@id='password']'.</msg>
<status status="PASS" starttime="20230102 15:04:50.855" endtime="20230102 15:04:51.504"/>
</kw>
<kw name="Click Button" library="SeleniumLibrary">
<arg>${login_submit_button}</arg>
<doc>Clicks the button identified by ``locator``.</doc>
<msg timestamp="20230102 15:04:51.508" level="INFO">Clicking button 'xpath://button[contains(text(),'Log in')]'.</msg>
<status status="PASS" starttime="20230102 15:04:51.505" endtime="20230102 15:04:52.168"/>
</kw>
<status status="PASS" starttime="20230102 15:04:48.716" endtime="20230102 15:04:52.172"/>
</kw>
<kw name="Sleep" library="BuiltIn">
<arg>4 seconds</arg>
<doc>Pauses the test executed for the given time.</doc>
<msg timestamp="20230102 15:04:56.189" level="INFO">Slept 4 seconds</msg>
<status status="PASS" starttime="20230102 15:04:52.173" endtime="20230102 15:04:56.194"/>
</kw>
<kw name="Element Should Not Be Visible" library="SeleniumLibrary">
<arg>//span[contains(text(),'USERS')]</arg>
<doc>Verifies that the element identified by ``locator`` is NOT visible.</doc>
<msg timestamp="20230102 15:04:56.603" level="INFO">Element '//span[contains(text(),'USERS')]' exists but is not displayed.</msg>
<status status="PASS" starttime="20230102 15:04:56.267" endtime="20230102 15:04:56.604"/>
</kw>
<kw name="Element Should Be Visible" library="SeleniumLibrary">
<arg>//span[contains(text(),'PROFILE')]</arg>
<doc>Verifies that the element identified by ``locator`` is visible.</doc>
<msg timestamp="20230102 15:04:56.993" level="INFO">Element '//span[contains(text(),'PROFILE')]' is displayed.</msg>
<status status="PASS" starttime="20230102 15:04:56.608" endtime="20230102 15:04:56.994"/>
</kw>
<kw name="Element Should Be Visible" library="SeleniumLibrary">
<arg>//span[contains(text(),'TALENTS')]</arg>
<doc>Verifies that the element identified by ``locator`` is visible.</doc>
<msg timestamp="20230102 15:04:57.276" level="INFO">Element '//span[contains(text(),'TALENTS')]' is displayed.</msg>
<status status="PASS" starttime="20230102 15:04:56.997" endtime="20230102 15:04:57.277"/>
</kw>
<kw name="Element Should Be Visible" library="SeleniumLibrary">
<arg>//span[contains(text(),'REMINDERS')]</arg>
<doc>Verifies that the element identified by ``locator`` is visible.</doc>
<msg timestamp="20230102 15:04:57.543" level="INFO">Element '//span[contains(text(),'REMINDERS')]' is displayed.</msg>
<status status="PASS" starttime="20230102 15:04:57.279" endtime="20230102 15:04:57.543"/>
</kw>
<kw name="Element Should Be Visible" library="SeleniumLibrary">
<arg>//span[contains(text(),'SERVICES')]</arg>
<doc>Verifies that the element identified by ``locator`` is visible.</doc>
<msg timestamp="20230102 15:04:57.811" level="INFO">Element '//span[contains(text(),'SERVICES')]' is displayed.</msg>
<status status="PASS" starttime="20230102 15:04:57.546" endtime="20230102 15:04:57.812"/>
</kw>
<kw name="Element Should Be Visible" library="SeleniumLibrary">
<arg>//span[contains(text(),'NEWS &amp; EVENTS')]</arg>
<doc>Verifies that the element identified by ``locator`` is visible.</doc>
<msg timestamp="20230102 15:04:58.098" level="INFO">Element '//span[contains(text(),'NEWS &amp; EVENTS')]' is displayed.</msg>
<status status="PASS" starttime="20230102 15:04:57.815" endtime="20230102 15:04:58.107"/>
</kw>
<kw name="Element Should Not Be Visible" library="SeleniumLibrary">
<arg>${edit-hero-btn}</arg>
<doc>Verifies that the element identified by ``locator`` is NOT visible.</doc>
<msg timestamp="20230102 15:04:58.287" level="INFO">Element 'xpath://html[1]/body[1]/div[1]/div[1]/div[1]/div[1]/div[1]/div[1]/div[1]/div[2]/div[2]/div[1]/div[1]/a[1]/button[1]' did not exist.</msg>
<status status="PASS" starttime="20230102 15:04:58.136" endtime="20230102 15:04:58.288"/>
</kw>
<kw name="Teardown" type="TEARDOWN">
<kw name="Set Selenium Speed" library="SeleniumLibrary">
<arg>0.1 seconds</arg>
<doc>Sets the delay that is waited after each Selenium command.</doc>
<status status="PASS" starttime="20230102 15:04:58.294" endtime="20230102 15:04:58.294"/>
</kw>
<kw name="Close Browser" library="SeleniumLibrary">
<doc>Closes the current browser.</doc>
<status status="PASS" starttime="20230102 15:04:58.294" endtime="20230102 15:05:02.373"/>
</kw>
<status status="PASS" starttime="20230102 15:04:58.292" endtime="20230102 15:05:02.375"/>
</kw>
<status status="PASS" starttime="20230102 15:04:44.046" endtime="20230102 15:05:02.377"/>
</test>
<test id="s1-s1-s1-s1-t9" name="User type verification: Guest" line="163">
<kw name="Open Browser" library="SeleniumLibrary" type="SETUP">
<arg>${url}</arg>
<arg>${browser}</arg>
<doc>Opens a new browser instance to the optional ``url``.</doc>
<msg timestamp="20230102 15:05:02.392" level="INFO">Opening browser 'Chrome' to base url 'http://localhost:5173/'.</msg>
<status status="PASS" starttime="20230102 15:05:02.390" endtime="20230102 15:05:07.374"/>
</kw>
<kw name="Set Selenium Speed" library="SeleniumLibrary">
<arg>${speed-slow}</arg>
<doc>Sets the delay that is waited after each Selenium command.</doc>
<status status="PASS" starttime="20230102 15:05:07.377" endtime="20230102 15:05:07.379"/>
</kw>
<kw name="Login as Guest">
<kw name="Click Link" library="SeleniumLibrary">
<arg>${link-login}</arg>
<doc>Clicks a link identified by ``locator``.</doc>
<msg timestamp="20230102 15:05:07.383" level="INFO">Clicking link 'xpath://body/div[@id='app']/div[1]/div[1]/nav[1]/div[1]/span[1]/a[5]'.</msg>
<status status="PASS" starttime="20230102 15:05:07.381" endtime="20230102 15:05:08.098"/>
</kw>
<kw name="Input Text" library="SeleniumLibrary">
<arg>${login_email_field}</arg>
<arg>${guest-email}</arg>
<doc>Types the given ``text`` into the text field identified by ``locator``.</doc>
<msg timestamp="20230102 15:05:08.103" level="INFO">Typing text 'g@aa.com' into text field 'xpath://input[@id='email']'.</msg>
<status status="PASS" starttime="20230102 15:05:08.099" endtime="20230102 15:05:09.521"/>
</kw>
<kw name="Input Text" library="SeleniumLibrary">
<arg>${login_password_field}</arg>
<arg>${guest-pass}</arg>
<doc>Types the given ``text`` into the text field identified by ``locator``.</doc>
<msg timestamp="20230102 15:05:09.524" level="INFO">Typing text 'password' into text field 'xpath://input[@id='password']'.</msg>
<status status="PASS" starttime="20230102 15:05:09.522" endtime="20230102 15:05:10.072"/>
</kw>
<kw name="Click Button" library="SeleniumLibrary">
<arg>${login_submit_button}</arg>
<doc>Clicks the button identified by ``locator``.</doc>
<msg timestamp="20230102 15:05:10.075" level="INFO">Clicking button 'xpath://button[contains(text(),'Log in')]'.</msg>
<status status="PASS" starttime="20230102 15:05:10.073" endtime="20230102 15:05:10.795"/>
</kw>
<status status="PASS" starttime="20230102 15:05:07.380" endtime="20230102 15:05:10.795"/>
</kw>
<kw name="Sleep" library="BuiltIn">
<arg>4 seconds</arg>
<doc>Pauses the test executed for the given time.</doc>
<msg timestamp="20230102 15:05:14.831" level="INFO">Slept 4 seconds</msg>
<status status="PASS" starttime="20230102 15:05:10.797" endtime="20230102 15:05:14.832"/>
</kw>
<kw name="Element Should Not Be Visible" library="SeleniumLibrary">
<arg>//span[contains(text(),'USERS')]</arg>
<doc>Verifies that the element identified by ``locator`` is NOT visible.</doc>
<msg timestamp="20230102 15:05:15.464" level="INFO">Element '//span[contains(text(),'USERS')]' exists but is not displayed.</msg>
<status status="PASS" starttime="20230102 15:05:14.971" endtime="20230102 15:05:15.465"/>
</kw>
<kw name="Element Should Not Be Visible" library="SeleniumLibrary">
<arg>//span[contains(text(),'PROFILE')]</arg>
<doc>Verifies that the element identified by ``locator`` is NOT visible.</doc>
<msg timestamp="20230102 15:05:15.763" level="INFO">Element '//span[contains(text(),'PROFILE')]' exists but is not displayed.</msg>
<status status="PASS" starttime="20230102 15:05:15.475" endtime="20230102 15:05:15.763"/>
</kw>
<kw name="Element Should Be Visible" library="SeleniumLibrary">
<arg>//span[contains(text(),'TALENTS')]</arg>
<doc>Verifies that the element identified by ``locator`` is visible.</doc>
<msg timestamp="20230102 15:05:16.062" level="INFO">Element '//span[contains(text(),'TALENTS')]' is displayed.</msg>
<status status="PASS" starttime="20230102 15:05:15.774" endtime="20230102 15:05:16.063"/>
</kw>
<kw name="Element Should Not Be Visible" library="SeleniumLibrary">
<arg>//span[contains(text(),'REMINDERS')]</arg>
<doc>Verifies that the element identified by ``locator`` is NOT visible.</doc>
<msg timestamp="20230102 15:05:16.361" level="INFO">Element '//span[contains(text(),'REMINDERS')]' exists but is not displayed.</msg>
<status status="PASS" starttime="20230102 15:05:16.073" endtime="20230102 15:05:16.370"/>
</kw>
<kw name="Element Should Be Visible" library="SeleniumLibrary">
<arg>//span[contains(text(),'SERVICES')]</arg>
<doc>Verifies that the element identified by ``locator`` is visible.</doc>
<msg timestamp="20230102 15:05:16.848" level="INFO">Element '//span[contains(text(),'SERVICES')]' is displayed.</msg>
<status status="PASS" starttime="20230102 15:05:16.533" endtime="20230102 15:05:16.849"/>
</kw>
<kw name="Element Should Be Visible" library="SeleniumLibrary">
<arg>//span[contains(text(),'NEWS &amp; EVENTS')]</arg>
<doc>Verifies that the element identified by ``locator`` is visible.</doc>
<msg timestamp="20230102 15:05:17.131" level="INFO">Element '//span[contains(text(),'NEWS &amp; EVENTS')]' is displayed.</msg>
<status status="PASS" starttime="20230102 15:05:16.861" endtime="20230102 15:05:17.132"/>
</kw>
<kw name="Element Should Not Be Visible" library="SeleniumLibrary">
<arg>${edit-hero-btn}</arg>
<doc>Verifies that the element identified by ``locator`` is NOT visible.</doc>
<msg timestamp="20230102 15:05:17.272" level="INFO">Element 'xpath://html[1]/body[1]/div[1]/div[1]/div[1]/div[1]/div[1]/div[1]/div[1]/div[2]/div[2]/div[1]/div[1]/a[1]/button[1]' did not exist.</msg>
<status status="PASS" starttime="20230102 15:05:17.134" endtime="20230102 15:05:17.272"/>
</kw>
<kw name="Teardown" type="TEARDOWN">
<kw name="Set Selenium Speed" library="SeleniumLibrary">
<arg>0.1 seconds</arg>
<doc>Sets the delay that is waited after each Selenium command.</doc>
<status status="PASS" starttime="20230102 15:05:17.290" endtime="20230102 15:05:17.292"/>
</kw>
<kw name="Close Browser" library="SeleniumLibrary">
<doc>Closes the current browser.</doc>
<status status="PASS" starttime="20230102 15:05:17.293" endtime="20230102 15:05:21.763"/>
</kw>
<status status="PASS" starttime="20230102 15:05:17.287" endtime="20230102 15:05:21.764"/>
</kw>
<status status="PASS" starttime="20230102 15:05:02.385" endtime="20230102 15:05:21.765"/>
</test>
<test id="s1-s1-s1-s1-t10" name="Logout verification" line="175">
<kw name="Open Browser" library="SeleniumLibrary" type="SETUP">
<arg>${url}</arg>
<arg>${browser}</arg>
<doc>Opens a new browser instance to the optional ``url``.</doc>
<msg timestamp="20230102 15:05:21.782" level="INFO">Opening browser 'Chrome' to base url 'http://localhost:5173/'.</msg>
<status status="PASS" starttime="20230102 15:05:21.781" endtime="20230102 15:05:26.495"/>
</kw>
<kw name="Set Selenium Speed" library="SeleniumLibrary">
<arg>${speed-slow}</arg>
<doc>Sets the delay that is waited after each Selenium command.</doc>
<status status="PASS" starttime="20230102 15:05:26.504" endtime="20230102 15:05:26.505"/>
</kw>
<kw name="Test Login">
<kw name="Click Element" library="SeleniumLibrary">
<arg>${nav_login}</arg>
<doc>Click the element identified by ``locator``.</doc>
<msg timestamp="20230102 15:05:26.521" level="INFO">Clicking element 'xpath://html[1]/body[1]/div[1]/div[1]/div[1]/nav[1]/div[1]/span[1]/a[5]/span[1]'.</msg>
<status status="PASS" starttime="20230102 15:05:26.519" endtime="20230102 15:05:27.203"/>
</kw>
<kw name="Input Text" library="SeleniumLibrary">
<arg>${login_email_field}</arg>
<arg>${test_email}</arg>
<arg>clear=true</arg>
<doc>Types the given ``text`` into the text field identified by ``locator``.</doc>
<msg timestamp="20230102 15:05:27.206" level="INFO">Typing text 'test@test.com' into text field 'xpath://input[@id='email']'.</msg>
<status status="PASS" starttime="20230102 15:05:27.204" endtime="20230102 15:05:29.259"/>
</kw>
<kw name="Input Password" library="SeleniumLibrary">
<arg>${login_password_field}</arg>
<arg>${test_password}</arg>
<arg>clear=true</arg>
<doc>Types the given password into the text field identified by ``locator``.</doc>
<msg timestamp="20230102 15:05:29.262" level="INFO">Typing password into text field 'xpath://input[@id='password']'.</msg>
<msg timestamp="20230102 15:05:29.637" level="INFO">Temporally setting log level to: NONE</msg>
<msg timestamp="20230102 15:05:29.824" level="INFO">Log level changed from NONE to INFO.</msg>
<status status="PASS" starttime="20230102 15:05:29.259" endtime="20230102 15:05:29.825"/>
</kw>
<kw name="Click Button" library="SeleniumLibrary">
<arg>${login_submit_button}</arg>
<doc>Clicks the button identified by ``locator``.</doc>
<msg timestamp="20230102 15:05:29.828" level="INFO">Clicking button 'xpath://button[contains(text(),'Log in')]'.</msg>
<status status="PASS" starttime="20230102 15:05:29.826" endtime="20230102 15:05:30.505"/>
</kw>
<kw name="Sleep" library="BuiltIn">
<arg>1 seconds</arg>
<doc>Pauses the test executed for the given time.</doc>
<msg timestamp="20230102 15:05:31.511" level="INFO">Slept 1 second</msg>
<status status="PASS" starttime="20230102 15:05:30.507" endtime="20230102 15:05:31.512"/>
</kw>
<kw name="Wait Until Page Contains Element" library="SeleniumLibrary">
<arg>${nav_user}</arg>
<doc>Waits until the element ``locator`` appears on the current page.</doc>
<status status="PASS" starttime="20230102 15:05:31.512" endtime="20230102 15:05:31.971"/>
</kw>
<kw name="Get Text" library="SeleniumLibrary">
<var>${x}</var>
<arg>${nav_user}</arg>
<doc>Returns the text value of the element identified by ``locator``.</doc>
<msg timestamp="20230102 15:05:32.223" level="INFO">${x} = test</msg>
<status status="PASS" starttime="20230102 15:05:31.971" endtime="20230102 15:05:32.224"/>
</kw>
<kw name="Should Be Equal As Strings" library="BuiltIn">
<arg>${x}</arg>
<arg>${test_fname}</arg>
<doc>Fails if objects are unequal after converting them to strings.</doc>
<status status="PASS" starttime="20230102 15:05:32.224" endtime="20230102 15:05:32.226"/>
</kw>
<status status="PASS" starttime="20230102 15:05:26.517" endtime="20230102 15:05:32.226"/>
</kw>
<kw name="Sleep" library="BuiltIn">
<arg>2 seconds</arg>
<doc>Pauses the test executed for the given time.</doc>
<msg timestamp="20230102 15:05:34.238" level="INFO">Slept 2 seconds</msg>
<status status="PASS" starttime="20230102 15:05:32.228" endtime="20230102 15:05:34.239"/>
</kw>
<kw name="Click Element" library="SeleniumLibrary">
<arg>${logout-btn}</arg>
<doc>Click the element identified by ``locator``.</doc>
<msg timestamp="20230102 15:05:34.243" level="INFO">Clicking element 'xpath://html[1]/body[1]/div[1]/div[1]/div[1]/nav[1]/div[1]/span[1]/img[1]'.</msg>
<status status="PASS" starttime="20230102 15:05:34.241" endtime="20230102 15:05:34.569"/>
</kw>
<kw name="Sleep" library="BuiltIn">
<arg>5 seconds</arg>
<doc>Pauses the test executed for the given time.</doc>
<msg timestamp="20230102 15:05:39.582" level="INFO">Slept 5 seconds</msg>
<status status="PASS" starttime="20230102 15:05:34.570" endtime="20230102 15:05:39.583"/>
</kw>
<kw name="Get Location" library="SeleniumLibrary">
<var>${current_link}</var>
<doc>Returns the current browser window URL.</doc>
<msg timestamp="20230102 15:05:39.692" level="INFO">${current_link} = http://localhost:5173/login</msg>
<status status="PASS" starttime="20230102 15:05:39.584" endtime="20230102 15:05:39.692"/>
</kw>
<kw name="Log" library="BuiltIn">
<arg>Current link is: ${current_link}</arg>
<arg>console=yes</arg>
<doc>Logs the given message with the given level.</doc>
<msg timestamp="20230102 15:05:39.695" level="INFO">Current link is: http://localhost:5173/login</msg>
<status status="PASS" starttime="20230102 15:05:39.694" endtime="20230102 15:05:39.696"/>
</kw>
<kw name="Log" library="BuiltIn">
<arg>Actual link should be: ${url_login}</arg>
<arg>console=yes</arg>
<doc>Logs the given message with the given level.</doc>
<msg timestamp="20230102 15:05:39.698" level="INFO">Actual link should be: http://localhost:5173/login</msg>
<status status="PASS" starttime="20230102 15:05:39.697" endtime="20230102 15:05:39.700"/>
</kw>
<kw name="Convert To String" library="BuiltIn">
<var>${current_link}</var>
<arg>${current_link}</arg>
<doc>Converts the given item to a Unicode string.</doc>
<msg timestamp="20230102 15:05:39.702" level="INFO">${current_link} = http://localhost:5173/login</msg>
<status status="PASS" starttime="20230102 15:05:39.700" endtime="20230102 15:05:39.702"/>
</kw>
<kw name="Convert To String" library="BuiltIn">
<var>${temp}</var>
<arg>${url_login}</arg>
<doc>Converts the given item to a Unicode string.</doc>
<msg timestamp="20230102 15:05:39.704" level="INFO">${temp} = http://localhost:5173/login</msg>
<status status="PASS" starttime="20230102 15:05:39.703" endtime="20230102 15:05:39.705"/>
</kw>
<kw name="Should Be Equal As Strings" library="BuiltIn">
<arg>${current_link}</arg>
<arg>${temp}</arg>
<doc>Fails if objects are unequal after converting them to strings.</doc>
<status status="PASS" starttime="20230102 15:05:39.706" endtime="20230102 15:05:39.707"/>
</kw>
<kw name="Teardown" type="TEARDOWN">
<kw name="Set Selenium Speed" library="SeleniumLibrary">
<arg>0.1 seconds</arg>
<doc>Sets the delay that is waited after each Selenium command.</doc>
<status status="PASS" starttime="20230102 15:05:39.710" endtime="20230102 15:05:39.710"/>
</kw>
<kw name="Close Browser" library="SeleniumLibrary">
<doc>Closes the current browser.</doc>
<status status="PASS" starttime="20230102 15:05:39.711" endtime="20230102 15:05:41.892"/>
</kw>
<status status="PASS" starttime="20230102 15:05:39.709" endtime="20230102 15:05:41.893"/>
</kw>
<status status="PASS" starttime="20230102 15:05:21.777" endtime="20230102 15:05:41.894"/>
</test>
<status status="PASS" starttime="20230102 15:03:03.897" endtime="20230102 15:05:41.897"/>
</suite>
<suite id="s1-s1-s1-s2" name="EventTestCases" source="C:\Users\Marc\Documents\GitHub\sanaol_agency\vue\selenium\EventTestCases.robot">
<test id="s1-s1-s1-s2-t1" name="Check Event page for all users" line="54">
<kw name="Open Browser" library="SeleniumLibrary" type="SETUP">
<arg>${url}</arg>
<arg>${browser}</arg>
<doc>Opens a new browser instance to the optional ``url``.</doc>
<msg timestamp="20230102 15:05:41.921" level="INFO">Opening browser 'Chrome' to base url 'http://localhost:5173'.</msg>
<status status="PASS" starttime="20230102 15:05:41.918" endtime="20230102 15:05:45.677"/>
</kw>
<kw name="Set Selenium Speed" library="SeleniumLibrary">
<arg>${speed-fast}</arg>
<doc>Sets the delay that is waited after each Selenium command.</doc>
<status status="PASS" starttime="20230102 15:05:45.680" endtime="20230102 15:05:45.681"/>
</kw>
<kw name="Click Link" library="SeleniumLibrary">
<arg>${link-events}</arg>
<doc>Clicks a link identified by ``locator``.</doc>
<msg timestamp="20230102 15:05:45.684" level="INFO">Clicking link 'xpath://body/div[@id='app']/div[1]/div[1]/nav[1]/div[1]/span[1]/a[4]'.</msg>
<status status="PASS" starttime="20230102 15:05:45.682" endtime="20230102 15:05:46.259"/>
</kw>
<kw name="Element Should Be Visible" library="SeleniumLibrary">
<arg>${events-carousel}</arg>
<doc>Verifies that the element identified by ``locator`` is visible.</doc>
<msg timestamp="20230102 15:05:46.525" level="INFO">Element 'xpath://div[@id='carouselDarkVariant1']' is displayed.</msg>
<status status="PASS" starttime="20230102 15:05:46.260" endtime="20230102 15:05:46.525"/>
</kw>
<kw name="Element Should Be Visible" library="SeleniumLibrary">
<arg>${news-articles}</arg>
<doc>Verifies that the element identified by ``locator`` is visible.</doc>
<msg timestamp="20230102 15:05:46.775" level="INFO">Element 'xpath://body/div[@id='app']/div[1]/div[1]/div[1]/div[1]/div[3]' is displayed.</msg>
<status status="PASS" starttime="20230102 15:05:46.527" endtime="20230102 15:05:46.775"/>
</kw>
<kw name="Teardown" type="TEARDOWN">
<kw name="Set Selenium Speed" library="SeleniumLibrary">
<arg>${speed-fast}</arg>
<doc>Sets the delay that is waited after each Selenium command.</doc>
<status status="PASS" starttime="20230102 15:05:46.780" endtime="20230102 15:05:46.781"/>
</kw>
<kw name="Close Browser" library="SeleniumLibrary">
<doc>Closes the current browser.</doc>
<status status="PASS" starttime="20230102 15:05:46.782" endtime="20230102 15:05:49.432"/>
</kw>
<status status="PASS" starttime="20230102 15:05:46.778" endtime="20230102 15:05:49.433"/>
</kw>
<status status="PASS" starttime="20230102 15:05:41.916" endtime="20230102 15:05:49.437"/>
</test>
<test id="s1-s1-s1-s2-t2" name="If user is admin, edit button should be visible" line="64">
<kw name="Open Browser" library="SeleniumLibrary" type="SETUP">
<arg>${url}</arg>
<arg>${browser}</arg>
<doc>Opens a new browser instance to the optional ``url``.</doc>
<msg timestamp="20230102 15:05:49.452" level="INFO">Opening browser 'Chrome' to base url 'http://localhost:5173'.</msg>
<status status="PASS" starttime="20230102 15:05:49.449" endtime="20230102 15:05:51.861"/>
</kw>
<kw name="Login as Admin">
<kw name="Click Link" library="SeleniumLibrary">
<arg>${link-login}</arg>
<doc>Clicks a link identified by ``locator``.</doc>
<msg timestamp="20230102 15:05:51.864" level="INFO">Clicking link 'xpath://body/div[@id='app']/div[1]/div[1]/nav[1]/div[1]/span[1]/a[5]'.</msg>
<status status="PASS" starttime="20230102 15:05:51.863" endtime="20230102 15:05:52.555"/>
</kw>
<kw name="Input Text" library="SeleniumLibrary">
<arg>${input-email}</arg>
<arg>${admin-email}</arg>
<doc>Types the given ``text`` into the text field identified by ``locator``.</doc>
<msg timestamp="20230102 15:05:52.557" level="INFO">Typing text 'a@aa.com' into text field 'xpath://input[@id='email']'.</msg>
<status status="PASS" starttime="20230102 15:05:52.555" endtime="20230102 15:05:53.554"/>
</kw>
<kw name="Input Text" library="SeleniumLibrary">
<arg>${input-pass}</arg>
<arg>${admin-pass}</arg>
<doc>Types the given ``text`` into the text field identified by ``locator``.</doc>
<msg timestamp="20230102 15:05:53.558" level="INFO">Typing text 'password' into text field 'xpath://input[@id='password']'.</msg>
<status status="PASS" starttime="20230102 15:05:53.554" endtime="20230102 15:05:54.058"/>
</kw>
<kw name="Click Button" library="SeleniumLibrary">
<arg>${btn-login}</arg>
<doc>Clicks the button identified by ``locator``.</doc>
<msg timestamp="20230102 15:05:54.060" level="INFO">Clicking button 'xpath://button[contains(text(),'Log in')]'.</msg>
<status status="PASS" starttime="20230102 15:05:54.058" endtime="20230102 15:05:54.735"/>
</kw>
<status status="PASS" starttime="20230102 15:05:51.862" endtime="20230102 15:05:54.736"/>
</kw>
<kw name="Set Selenium Speed" library="SeleniumLibrary">
<arg>${speed-fast}</arg>
<doc>Sets the delay that is waited after each Selenium command.</doc>
<status status="PASS" starttime="20230102 15:05:54.738" endtime="20230102 15:05:54.740"/>
</kw>
<kw name="Wait Until Keyword Succeeds" library="BuiltIn">
<arg>1 min</arg>
<arg>${speed-slow}</arg>
<arg>Go to Events as Admin</arg>
<doc>Runs the specified keyword and retries if it fails.</doc>
<kw name="Go to Events as Admin">
<kw name="Click Link" library="SeleniumLibrary">
<arg>${link-events-admin}</arg>
<doc>Clicks a link identified by ``locator``.</doc>
<msg timestamp="20230102 15:05:54.742" level="INFO">Clicking link 'xpath://html[1]/body[1]/div[1]/div[1]/div[1]/nav[1]/div[1]/span[1]/a[6]'.</msg>
<msg timestamp="20230102 15:05:55.438" level="INFO" html="true">&lt;/td&gt;&lt;/tr&gt;&lt;tr&gt;&lt;td colspan="3"&gt;&lt;a href="selenium-screenshot-1.png"&gt;&lt;img src="selenium-screenshot-1.png" width="800px"&gt;&lt;/a&gt;</msg>
<msg timestamp="20230102 15:05:55.439" level="FAIL">Link with locator 'xpath://html[1]/body[1]/div[1]/div[1]/div[1]/nav[1]/div[1]/span[1]/a[6]' not found.</msg>
<status status="FAIL" starttime="20230102 15:05:54.741" endtime="20230102 15:05:55.448"/>
</kw>
<status status="FAIL" starttime="20230102 15:05:54.741" endtime="20230102 15:05:55.449"/>
</kw>
<kw name="Go to Events as Admin">
<kw name="Click Link" library="SeleniumLibrary">
<arg>${link-events-admin}</arg>
<doc>Clicks a link identified by ``locator``.</doc>
<msg timestamp="20230102 15:05:55.953" level="INFO">Clicking link 'xpath://html[1]/body[1]/div[1]/div[1]/div[1]/nav[1]/div[1]/span[1]/a[6]'.</msg>
<status status="PASS" starttime="20230102 15:05:55.952" endtime="20230102 15:05:56.374"/>
</kw>
<status status="PASS" starttime="20230102 15:05:55.950" endtime="20230102 15:05:56.374"/>
</kw>
<status status="PASS" starttime="20230102 15:05:54.740" endtime="20230102 15:05:56.375"/>
</kw>
<kw name="Element Should Be Visible" library="SeleniumLibrary">
<arg>${events-edit-link}</arg>
<doc>Verifies that the element identified by ``locator`` is visible.</doc>
<msg timestamp="20230102 15:05:56.626" level="INFO">Element 'xpath://body/div[@id='app']/div[1]/div[1]/div[1]/div[1]/div[1]/div[1]/div[1]/a[1]' is displayed.</msg>
<status status="PASS" starttime="20230102 15:05:56.376" endtime="20230102 15:05:56.627"/>
</kw>
<kw name="Element Should Be Visible" library="SeleniumLibrary">
<arg>${articles-add-link}</arg>
<doc>Verifies that the element identified by ``locator`` is visible.</doc>
<msg timestamp="20230102 15:05:56.896" level="INFO">Element 'xpath://button[contains(text(),'Add Articles')]' is displayed.</msg>
<status status="PASS" starttime="20230102 15:05:56.630" endtime="20230102 15:05:56.898"/>
</kw>
<kw name="Teardown" type="TEARDOWN">
<kw name="Set Selenium Speed" library="SeleniumLibrary">
<arg>${speed-fast}</arg>
<doc>Sets the delay that is waited after each Selenium command.</doc>
<status status="PASS" starttime="20230102 15:05:56.905" endtime="20230102 15:05:56.906"/>
</kw>
<kw name="Close Browser" library="SeleniumLibrary">
<doc>Closes the current browser.</doc>
<status status="PASS" starttime="20230102 15:05:56.907" endtime="20230102 15:05:59.202"/>
</kw>
<status status="PASS" starttime="20230102 15:05:56.904" endtime="20230102 15:05:59.204"/>
</kw>
<status status="PASS" starttime="20230102 15:05:49.446" endtime="20230102 15:05:59.206"/>
</test>
<test id="s1-s1-s1-s2-t3" name="If user is not admin, edit button should not be visible" line="76">
<kw name="Open Browser" library="SeleniumLibrary" type="SETUP">
<arg>${url}</arg>
<arg>${browser}</arg>
<doc>Opens a new browser instance to the optional ``url``.</doc>
<msg timestamp="20230102 15:05:59.223" level="INFO">Opening browser 'Chrome' to base url 'http://localhost:5173'.</msg>
<status status="PASS" starttime="20230102 15:05:59.218" endtime="20230102 15:06:02.530"/>
</kw>
<kw name="Login as Guest">
<kw name="Click Link" library="SeleniumLibrary">
<arg>${link-login}</arg>
<doc>Clicks a link identified by ``locator``.</doc>
<msg timestamp="20230102 15:06:02.534" level="INFO">Clicking link 'xpath://body/div[@id='app']/div[1]/div[1]/nav[1]/div[1]/span[1]/a[5]'.</msg>
<status status="PASS" starttime="20230102 15:06:02.532" endtime="20230102 15:06:03.194"/>
</kw>
<kw name="Input Text" library="SeleniumLibrary">
<arg>${input-email}</arg>
<arg>${guest-email}</arg>
<doc>Types the given ``text`` into the text field identified by ``locator``.</doc>
<msg timestamp="20230102 15:06:03.196" level="INFO">Typing text 'g@aa.com' into text field 'xpath://input[@id='email']'.</msg>
<status status="PASS" starttime="20230102 15:06:03.195" endtime="20230102 15:06:04.389"/>
</kw>
<kw name="Input Text" library="SeleniumLibrary">
<arg>${input-pass}</arg>
<arg>${guest-pass}</arg>
<doc>Types the given ``text`` into the text field identified by ``locator``.</doc>
<msg timestamp="20230102 15:06:04.391" level="INFO">Typing text 'password' into text field 'xpath://input[@id='password']'.</msg>
<status status="PASS" starttime="20230102 15:06:04.389" endtime="20230102 15:06:04.891"/>
</kw>
<kw name="Click Button" library="SeleniumLibrary">
<arg>${btn-login}</arg>
<doc>Clicks the button identified by ``locator``.</doc>
<msg timestamp="20230102 15:06:04.893" level="INFO">Clicking button 'xpath://button[contains(text(),'Log in')]'.</msg>
<status status="PASS" starttime="20230102 15:06:04.891" endtime="20230102 15:06:05.585"/>
</kw>
<status status="PASS" starttime="20230102 15:06:02.531" endtime="20230102 15:06:05.585"/>
</kw>
<kw name="Set Selenium Speed" library="SeleniumLibrary">
<arg>${speed-fast}</arg>
<doc>Sets the delay that is waited after each Selenium command.</doc>
<status status="PASS" starttime="20230102 15:06:05.586" endtime="20230102 15:06:05.587"/>
</kw>
<kw name="Wait Until Keyword Succeeds" library="BuiltIn">
<arg>30 seconds</arg>
<arg>${speed-slow}</arg>
<arg>Go to Events as Guest</arg>
<doc>Runs the specified keyword and retries if it fails.</doc>
<kw name="Go to Events as Guest">
<kw name="Click Link" library="SeleniumLibrary">
<arg>${link-events-general}</arg>
<doc>Clicks a link identified by ``locator``.</doc>
<msg timestamp="20230102 15:06:05.590" level="INFO">Clicking link 'xpath://html[1]/body[1]/div[1]/div[1]/div[1]/nav[1]/div[1]/span[1]/a[6]'.</msg>
<msg timestamp="20230102 15:06:06.264" level="INFO" html="true">&lt;/td&gt;&lt;/tr&gt;&lt;tr&gt;&lt;td colspan="3"&gt;&lt;a href="selenium-screenshot-2.png"&gt;&lt;img src="selenium-screenshot-2.png" width="800px"&gt;&lt;/a&gt;</msg>
<msg timestamp="20230102 15:06:06.265" level="FAIL">Link with locator 'xpath://html[1]/body[1]/div[1]/div[1]/div[1]/nav[1]/div[1]/span[1]/a[6]' not found.</msg>
<status status="FAIL" starttime="20230102 15:06:05.589" endtime="20230102 15:06:06.269"/>
</kw>
<status status="FAIL" starttime="20230102 15:06:05.589" endtime="20230102 15:06:06.269"/>
</kw>
<kw name="Go to Events as Guest">
<kw name="Click Link" library="SeleniumLibrary">
<arg>${link-events-general}</arg>
<doc>Clicks a link identified by ``locator``.</doc>
<msg timestamp="20230102 15:06:06.781" level="INFO">Clicking link 'xpath://html[1]/body[1]/div[1]/div[1]/div[1]/nav[1]/div[1]/span[1]/a[6]'.</msg>
<status status="PASS" starttime="20230102 15:06:06.780" endtime="20230102 15:06:07.231"/>
</kw>
<status status="PASS" starttime="20230102 15:06:06.779" endtime="20230102 15:06:07.231"/>
</kw>
<status status="PASS" starttime="20230102 15:06:05.588" endtime="20230102 15:06:07.232"/>
</kw>
<kw name="Element Should Not Be Visible" library="SeleniumLibrary">
<arg>${events-edit-link}</arg>
<doc>Verifies that the element identified by ``locator`` is NOT visible.</doc>
<msg timestamp="20230102 15:06:07.495" level="INFO">Element 'xpath://body/div[@id='app']/div[1]/div[1]/div[1]/div[1]/div[1]/div[1]/div[1]/a[1]' exists but is not displayed.</msg>
<status status="PASS" starttime="20230102 15:06:07.235" endtime="20230102 15:06:07.497"/>
</kw>
<kw name="Element Should Not Be Visible" library="SeleniumLibrary">
<arg>${articles-add-link}</arg>
<doc>Verifies that the element identified by ``locator`` is NOT visible.</doc>
<msg timestamp="20230102 15:06:07.780" level="INFO">Element 'xpath://button[contains(text(),'Add Articles')]' exists but is not displayed.</msg>
<status status="PASS" starttime="20230102 15:06:07.501" endtime="20230102 15:06:07.784"/>
</kw>
<kw name="Teardown" type="TEARDOWN">
<kw name="Set Selenium Speed" library="SeleniumLibrary">
<arg>${speed-fast}</arg>
<doc>Sets the delay that is waited after each Selenium command.</doc>
<status status="PASS" starttime="20230102 15:06:07.797" endtime="20230102 15:06:07.799"/>
</kw>
<kw name="Close Browser" library="SeleniumLibrary">
<doc>Closes the current browser.</doc>
<status status="PASS" starttime="20230102 15:06:07.800" endtime="20230102 15:06:10.292"/>
</kw>
<status status="PASS" starttime="20230102 15:06:07.796" endtime="20230102 15:06:10.295"/>
</kw>
<status status="PASS" starttime="20230102 15:05:59.213" endtime="20230102 15:06:10.297"/>
</test>
<test id="s1-s1-s1-s2-t4" name="If all fields are missing in add events" line="88">
<kw name="Open Browser" library="SeleniumLibrary" type="SETUP">
<arg>${url}</arg>
<arg>${browser}</arg>
<doc>Opens a new browser instance to the optional ``url``.</doc>
<msg timestamp="20230102 15:06:10.314" level="INFO">Opening browser 'Chrome' to base url 'http://localhost:5173'.</msg>
<status status="PASS" starttime="20230102 15:06:10.311" endtime="20230102 15:06:13.453"/>
</kw>
<kw name="Login as Admin">
<kw name="Click Link" library="SeleniumLibrary">
<arg>${link-login}</arg>
<doc>Clicks a link identified by ``locator``.</doc>
<msg timestamp="20230102 15:06:13.458" level="INFO">Clicking link 'xpath://body/div[@id='app']/div[1]/div[1]/nav[1]/div[1]/span[1]/a[5]'.</msg>
<status status="PASS" starttime="20230102 15:06:13.457" endtime="20230102 15:06:14.226"/>
</kw>
<kw name="Input Text" library="SeleniumLibrary">
<arg>${input-email}</arg>
<arg>${admin-email}</arg>
<doc>Types the given ``text`` into the text field identified by ``locator``.</doc>
<msg timestamp="20230102 15:06:14.229" level="INFO">Typing text 'a@aa.com' into text field 'xpath://input[@id='email']'.</msg>
<status status="PASS" starttime="20230102 15:06:14.227" endtime="20230102 15:06:15.577"/>
</kw>
<kw name="Input Text" library="SeleniumLibrary">
<arg>${input-pass}</arg>
<arg>${admin-pass}</arg>
<doc>Types the given ``text`` into the text field identified by ``locator``.</doc>
<msg timestamp="20230102 15:06:15.580" level="INFO">Typing text 'password' into text field 'xpath://input[@id='password']'.</msg>
<status status="PASS" starttime="20230102 15:06:15.577" endtime="20230102 15:06:16.083"/>
</kw>
<kw name="Click Button" library="SeleniumLibrary">
<arg>${btn-login}</arg>
<doc>Clicks the button identified by ``locator``.</doc>
<msg timestamp="20230102 15:06:16.086" level="INFO">Clicking button 'xpath://button[contains(text(),'Log in')]'.</msg>
<status status="PASS" starttime="20230102 15:06:16.084" endtime="20230102 15:06:16.744"/>
</kw>
<status status="PASS" starttime="20230102 15:06:13.455" endtime="20230102 15:06:16.744"/>
</kw>
<kw name="Set Selenium Speed" library="SeleniumLibrary">
<arg>${speed-fast}</arg>
<doc>Sets the delay that is waited after each Selenium command.</doc>
<status status="PASS" starttime="20230102 15:06:16.745" endtime="20230102 15:06:16.746"/>
</kw>
<kw name="Wait Until Keyword Succeeds" library="BuiltIn">
<arg>30 seconds</arg>
<arg>${speed-slow}</arg>
<arg>Go to Events as Admin</arg>
<doc>Runs the specified keyword and retries if it fails.</doc>
<kw name="Go to Events as Admin">
<kw name="Click Link" library="SeleniumLibrary">
<arg>${link-events-admin}</arg>
<doc>Clicks a link identified by ``locator``.</doc>
<msg timestamp="20230102 15:06:16.748" level="INFO">Clicking link 'xpath://html[1]/body[1]/div[1]/div[1]/div[1]/nav[1]/div[1]/span[1]/a[6]'.</msg>
<msg timestamp="20230102 15:06:17.937" level="INFO" html="true">&lt;/td&gt;&lt;/tr&gt;&lt;tr&gt;&lt;td colspan="3"&gt;&lt;a href="selenium-screenshot-3.png"&gt;&lt;img src="selenium-screenshot-3.png" width="800px"&gt;&lt;/a&gt;</msg>
<msg timestamp="20230102 15:06:17.938" level="FAIL">Link with locator 'xpath://html[1]/body[1]/div[1]/div[1]/div[1]/nav[1]/div[1]/span[1]/a[6]' not found.</msg>
<status status="FAIL" starttime="20230102 15:06:16.748" endtime="20230102 15:06:17.943"/>
</kw>
<status status="FAIL" starttime="20230102 15:06:16.747" endtime="20230102 15:06:17.944"/>
</kw>
<kw name="Go to Events as Admin">
<kw name="Click Link" library="SeleniumLibrary">
<arg>${link-events-admin}</arg>
<doc>Clicks a link identified by ``locator``.</doc>
<msg timestamp="20230102 15:06:18.450" level="INFO">Clicking link 'xpath://html[1]/body[1]/div[1]/div[1]/div[1]/nav[1]/div[1]/span[1]/a[6]'.</msg>
<status status="PASS" starttime="20230102 15:06:18.448" endtime="20230102 15:06:18.951"/>
</kw>
<status status="PASS" starttime="20230102 15:06:18.447" endtime="20230102 15:06:18.952"/>
</kw>
<status status="PASS" starttime="20230102 15:06:16.746" endtime="20230102 15:06:18.952"/>
</kw>
[...]
</kw>
<kw name="Input must not be empty">
<arg>${elem}</arg>
<kw name="Get Element Attribute" library="SeleniumLibrary">
<var>${actual value}</var>
<arg>${elem}</arg>
<arg>value</arg>
<doc>Returns the value of ``attribute`` from the element ``locator``.</doc>
<msg timestamp="20230102 15:24:49.293" level="INFO">${actual value} = </msg>
<status status="PASS" starttime="20230102 15:24:49.040" endtime="20230102 15:24:49.293"/>
</kw>
<kw name="Should Not Be Empty" library="BuiltIn">
<arg>${actual value}</arg>
<doc>Verifies that the given item is not empty.</doc>
<msg timestamp="20230102 15:24:49.295" level="INFO">Length is 0</msg>
<msg timestamp="20230102 15:24:49.300" level="FAIL">'' should not be empty.</msg>
<status status="FAIL" starttime="20230102 15:24:49.294" endtime="20230102 15:24:49.302"/>
</kw>
<status status="FAIL" starttime="20230102 15:24:49.039" endtime="20230102 15:24:49.303"/>
</kw>
<kw name="Input must not be empty">
<arg>${elem}</arg>
<kw name="Get Element Attribute" library="SeleniumLibrary">
<var>${actual value}</var>
<arg>${elem}</arg>
<arg>value</arg>
<doc>Returns the value of ``attribute`` from the element ``locator``.</doc>
<msg timestamp="20230102 15:24:50.095" level="INFO">${actual value} = Earum iure laudantium ea aut. Dignissimos nihil suscipit vel provident dolor fugiat quod. Maiores numquam odio similique tempora labore architecto. Id architecto illo quo est totam sapiente facere. Ne...</msg>
<status status="PASS" starttime="20230102 15:24:49.812" endtime="20230102 15:24:50.101"/>
</kw>
<kw name="Should Not Be Empty" library="BuiltIn">
<arg>${actual value}</arg>
<doc>Verifies that the given item is not empty.</doc>
<msg timestamp="20230102 15:24:50.103" level="INFO">Length is 702</msg>
<status status="PASS" starttime="20230102 15:24:50.102" endtime="20230102 15:24:50.106"/>
</kw>
<status status="PASS" starttime="20230102 15:24:49.811" endtime="20230102 15:24:50.108"/>
</kw>
<status status="PASS" starttime="20230102 15:24:48.244" endtime="20230102 15:24:50.109"/>
</kw>
<status status="PASS" starttime="20230102 15:24:48.242" endtime="20230102 15:24:50.109"/>
</kw>
<kw name="Press Keys" library="SeleniumLibrary">
<arg>${input-content}</arg>
<arg>CTRL+a</arg>
<arg>BACKSPACE</arg>
<doc>Simulates the user pressing key(s) to an element or on the active browser.</doc>
<msg timestamp="20230102 15:24:50.118" level="INFO">Sending key(s) ('CTRL+a', 'BACKSPACE') to xpath://body/div[@id='app']/div[1]/div[1]/div[1]/div[1]/div[1]/form[1]/div[2]/textarea[1] element.</msg>
<msg timestamp="20230102 15:24:50.631" level="INFO">Pressing special key CONTROL down.</msg>
<msg timestamp="20230102 15:24:50.632" level="INFO">Sending key a</msg>
<msg timestamp="20230102 15:24:50.633" level="INFO">Releasing special key CONTROL.</msg>
<msg timestamp="20230102 15:24:50.759" level="INFO">Pressing special key BACKSPACE to element.</msg>
<msg timestamp="20230102 15:24:50.760" level="INFO">Releasing special key BACKSPACE.</msg>
<status status="PASS" starttime="20230102 15:24:50.112" endtime="20230102 15:24:50.884"/>
</kw>
<kw name="Do Update">
<kw name="Click Button" library="SeleniumLibrary">
<arg>${btn-save}</arg>
<doc>Clicks the button identified by ``locator``.</doc>
<msg timestamp="20230102 15:24:50.887" level="INFO">Clicking button 'xpath://button[contains(text(),'SAVE')]'.</msg>
<status status="PASS" starttime="20230102 15:24:50.886" endtime="20230102 15:24:51.535"/>
</kw>
<kw name="Wait Until Page Contains Element" library="SeleniumLibrary">
<arg>${btn-confirm}</arg>
<arg>${wait-seconds}</arg>
<doc>Waits until the element ``locator`` appears on the current page.</doc>
<status status="PASS" starttime="20230102 15:24:51.536" endtime="20230102 15:24:51.678"/>
</kw>
<kw name="Click Button" library="SeleniumLibrary">
<arg>${btn-confirm}</arg>
<doc>Clicks the button identified by ``locator``.</doc>
<msg timestamp="20230102 15:24:51.682" level="INFO">Clicking button 'xpath://button[contains(text(),'CONFIRM')]'.</msg>
<status status="PASS" starttime="20230102 15:24:51.678" endtime="20230102 15:24:52.319"/>
</kw>
<status status="PASS" starttime="20230102 15:24:50.885" endtime="20230102 15:24:52.320"/>
</kw>
<kw name="Alert Should Be Present" library="SeleniumLibrary">
<arg>${msg-alert}</arg>
<doc>Verifies that an alert is present and by default, accepts it.</doc>
<msg timestamp="20230102 15:24:52.322" level="INFO">HANDLE::&lt;class 'NoneType'&gt;::None</msg>
<status status="PASS" starttime="20230102 15:24:52.321" endtime="20230102 15:24:52.656"/>
</kw>
<kw name="Teardown" type="TEARDOWN">
<kw name="Close Browser" library="SeleniumLibrary">
<doc>Closes the current browser.</doc>
<status status="PASS" starttime="20230102 15:24:52.660" endtime="20230102 15:24:54.946"/>
</kw>
<status status="PASS" starttime="20230102 15:24:52.659" endtime="20230102 15:24:54.951"/>
</kw>
<status status="PASS" starttime="20230102 15:24:37.569" endtime="20230102 15:24:54.955"/>
</test>
<test id="s1-s1-s1-s7-t6" name="If all fields are filled, do update" line="85">
<kw name="Setup" type="SETUP">
<kw name="Open Browser" library="SeleniumLibrary">
<arg>${url}</arg>
<arg>${browser}</arg>
<doc>Opens a new browser instance to the optional ``url``.</doc>
<msg timestamp="20230102 15:24:54.988" level="INFO">Opening browser 'Chrome' to base url 'http://localhost:5173/hero'.</msg>
<status status="PASS" starttime="20230102 15:24:54.983" endtime="20230102 15:24:58.193"/>
</kw>
<status status="PASS" starttime="20230102 15:24:54.977" endtime="20230102 15:24:58.193"/>
</kw>
<kw name="Login as Admin">
<kw name="Click Link" library="SeleniumLibrary">
<arg>${link-login}</arg>
<doc>Clicks a link identified by ``locator``.</doc>
<msg timestamp="20230102 15:24:58.196" level="INFO">Clicking link 'xpath://body/div[@id='app']/div[1]/div[1]/nav[1]/div[1]/span[1]/a[5]'.</msg>
<status status="PASS" starttime="20230102 15:24:58.195" endtime="20230102 15:24:58.636"/>
</kw>
<kw name="Input Text" library="SeleniumLibrary">
<arg>${input-email}</arg>
<arg>${admin-email}</arg>
<doc>Types the given ``text`` into the text field identified by ``locator``.</doc>
<msg timestamp="20230102 15:24:58.638" level="INFO">Typing text 'a@aa.com' into text field 'xpath://input[@id='email']'.</msg>
<status status="PASS" starttime="20230102 15:24:58.636" endtime="20230102 15:24:59.628"/>
</kw>
<kw name="Input Text" library="SeleniumLibrary">
<arg>${input-pass}</arg>
<arg>${admin-pass}</arg>
<doc>Types the given ``text`` into the text field identified by ``locator``.</doc>
<msg timestamp="20230102 15:24:59.632" level="INFO">Typing text 'password' into text field 'xpath://input[@id='password']'.</msg>
<status status="PASS" starttime="20230102 15:24:59.628" endtime="20230102 15:25:00.088"/>
</kw>
<kw name="Click Button" library="SeleniumLibrary">
<arg>${btn-login}</arg>
<doc>Clicks the button identified by ``locator``.</doc>
<msg timestamp="20230102 15:25:00.089" level="INFO">Clicking button 'xpath://button[contains(text(),'Log in')]'.</msg>
<status status="PASS" starttime="20230102 15:25:00.088" endtime="20230102 15:25:00.794"/>
</kw>
<kw name="Wait Until Page Contains Element" library="SeleniumLibrary">
<arg>${admin-span}</arg>
<arg>${wait-seconds}</arg>
<doc>Waits until the element ``locator`` appears on the current page.</doc>
<status status="PASS" starttime="20230102 15:25:00.794" endtime="20230102 15:25:01.910"/>
</kw>
<status status="PASS" starttime="20230102 15:24:58.194" endtime="20230102 15:25:01.911"/>
</kw>
<kw name="Go to Services">
<kw name="Wait Until Page Contains Element" library="SeleniumLibrary">
<arg>${link-services}</arg>
<arg>${wait-seconds}</arg>
<doc>Waits until the element ``locator`` appears on the current page.</doc>
<status status="PASS" starttime="20230102 15:25:01.914" endtime="20230102 15:25:02.037"/>
</kw>
<kw name="Click Element" library="SeleniumLibrary">
<arg>${link-services}</arg>
<doc>Click the element identified by ``locator``.</doc>
<msg timestamp="20230102 15:25:02.039" level="INFO">Clicking element 'xpath://span[contains(text(),'SERVICES')]'.</msg>
<status status="PASS" starttime="20230102 15:25:02.037" endtime="20230102 15:25:02.339"/>
</kw>
<status status="PASS" starttime="20230102 15:25:01.912" endtime="20230102 15:25:02.339"/>
</kw>
<kw name="Click service 1 edit button">
<kw name="Wait Until Page Contains Element" library="SeleniumLibrary">
<arg>${services-1-editBtn}</arg>
<arg>${wait-seconds}</arg>
<doc>Waits until the element ``locator`` appears on the current page.</doc>
<status status="PASS" starttime="20230102 15:25:02.342" endtime="20230102 15:25:03.419"/>
</kw>
<kw name="Click Button" library="SeleniumLibrary">
<arg>${services-1-editBtn}</arg>
<doc>Clicks the button identified by ``locator``.</doc>
<msg timestamp="20230102 15:25:03.421" level="INFO">Clicking button 'xpath://body/div[@id='app']/div[1]/div[1]/div[1]/div[1]/div[1]/div[1]/div[1]/div[1]/div[2]/a[1]/button[1]'.</msg>
<status status="PASS" starttime="20230102 15:25:03.419" endtime="20230102 15:25:04.175"/>
</kw>
<status status="PASS" starttime="20230102 15:25:02.341" endtime="20230102 15:25:04.175"/>
</kw>
<kw name="Wait for input value to load">
<arg>${input-title}</arg>
<kw name="Wait Until Keyword Succeeds" library="BuiltIn">
<arg>${wait-seconds}</arg>
<arg>${retry-interval-ms}</arg>
<arg>Input must not be empty</arg>
<arg>${elem}</arg>
<doc>Runs the specified keyword and retries if it fails.</doc>
<kw name="Input must not be empty">
<arg>${elem}</arg>
<kw name="Get Element Attribute" library="SeleniumLibrary">
<var>${actual value}</var>
<arg>${elem}</arg>
<arg>value</arg>
<doc>Returns the value of ``attribute`` from the element ``locator``.</doc>
<msg timestamp="20230102 15:25:04.504" level="INFO">${actual value} = </msg>
<status status="PASS" starttime="20230102 15:25:04.181" endtime="20230102 15:25:04.505"/>
</kw>
<kw name="Should Not Be Empty" library="BuiltIn">
<arg>${actual value}</arg>
<doc>Verifies that the given item is not empty.</doc>
<msg timestamp="20230102 15:25:04.506" level="INFO">Length is 0</msg>
<msg timestamp="20230102 15:25:04.507" level="FAIL">'' should not be empty.</msg>
<status status="FAIL" starttime="20230102 15:25:04.505" endtime="20230102 15:25:04.508"/>
</kw>
<status status="FAIL" starttime="20230102 15:25:04.179" endtime="20230102 15:25:04.509"/>
</kw>
<kw name="Input must not be empty">
<arg>${elem}</arg>
<kw name="Get Element Attribute" library="SeleniumLibrary">
<var>${actual value}</var>
<arg>${elem}</arg>
<arg>value</arg>
<doc>Returns the value of ``attribute`` from the element ``locator``.</doc>
<msg timestamp="20230102 15:25:05.272" level="INFO">${actual value} = ut vel fugiat quos consequatur</msg>
<status status="PASS" starttime="20230102 15:25:05.022" endtime="20230102 15:25:05.273"/>
</kw>
<kw name="Should Not Be Empty" library="BuiltIn">
<arg>${actual value}</arg>
<doc>Verifies that the given item is not empty.</doc>
<msg timestamp="20230102 15:25:05.274" level="INFO">Length is 30</msg>
<status status="PASS" starttime="20230102 15:25:05.273" endtime="20230102 15:25:05.275"/>
</kw>
<status status="PASS" starttime="20230102 15:25:05.022" endtime="20230102 15:25:05.275"/>
</kw>
<status status="PASS" starttime="20230102 15:25:04.178" endtime="20230102 15:25:05.276"/>
</kw>
<status status="PASS" starttime="20230102 15:25:04.177" endtime="20230102 15:25:05.276"/>
</kw>
<kw name="Input Text" library="SeleniumLibrary">
<arg>${input-title}</arg>
<arg>Testing title</arg>
<doc>Types the given ``text`` into the text field identified by ``locator``.</doc>
<msg timestamp="20230102 15:25:05.281" level="INFO">Typing text 'Testing title' into text field 'xpath://body/div[@id='app']/div[1]/div[1]/div[1]/div[1]/div[1]/form[1]/div[1]/input[1]'.</msg>
<status status="PASS" starttime="20230102 15:25:05.278" endtime="20230102 15:25:05.738"/>
</kw>
<kw name="Input Text" library="SeleniumLibrary">
<arg>${input-content}</arg>
<arg>Testing content</arg>
<doc>Types the given ``text`` into the text field identified by ``locator``.</doc>
<msg timestamp="20230102 15:25:05.740" level="INFO">Typing text 'Testing content' into text field 'xpath://body/div[@id='app']/div[1]/div[1]/div[1]/div[1]/div[1]/form[1]/div[2]/textarea[1]'.</msg>
<status status="PASS" starttime="20230102 15:25:05.739" endtime="20230102 15:25:06.208"/>
</kw>
<kw name="Do Update">
<kw name="Click Button" library="SeleniumLibrary">
<arg>${btn-save}</arg>
<doc>Clicks the button identified by ``locator``.</doc>
<msg timestamp="20230102 15:25:06.211" level="INFO">Clicking button 'xpath://button[contains(text(),'SAVE')]'.</msg>
<status status="PASS" starttime="20230102 15:25:06.210" endtime="20230102 15:25:06.903"/>
</kw>
<kw name="Wait Until Page Contains Element" library="SeleniumLibrary">
<arg>${btn-confirm}</arg>
<arg>${wait-seconds}</arg>
<doc>Waits until the element ``locator`` appears on the current page.</doc>
<status status="PASS" starttime="20230102 15:25:06.903" endtime="20230102 15:25:07.028"/>
</kw>
<kw name="Click Button" library="SeleniumLibrary">
<arg>${btn-confirm}</arg>
<doc>Clicks the button identified by ``locator``.</doc>
<msg timestamp="20230102 15:25:07.031" level="INFO">Clicking button 'xpath://button[contains(text(),'CONFIRM')]'.</msg>
<status status="PASS" starttime="20230102 15:25:07.028" endtime="20230102 15:25:07.686"/>
</kw>
<status status="PASS" starttime="20230102 15:25:06.209" endtime="20230102 15:25:07.688"/>
</kw>
<kw name="Wait Until Page Contains Element" library="SeleniumLibrary">
<arg>${modal-success}</arg>
<arg>${wait-seconds}</arg>
<doc>Waits until the element ``locator`` appears on the current page.</doc>
<status status="PASS" starttime="20230102 15:25:07.694" endtime="20230102 15:25:07.854"/>
</kw>
<kw name="Element Should Be Visible" library="SeleniumLibrary">
<arg>${modal-success}</arg>
<doc>Verifies that the element identified by ``locator`` is visible.</doc>
<msg timestamp="20230102 15:25:08.120" level="INFO">Element 'xpath://body/div[@id='app']/div[1]/div[1]/div[1]/div[1]/div[1]/div[2]/div[1]' is displayed.</msg>
<status status="PASS" starttime="20230102 15:25:07.857" endtime="20230102 15:25:08.120"/>
</kw>
<kw name="Teardown" type="TEARDOWN">
<kw name="Close Browser" library="SeleniumLibrary">
<doc>Closes the current browser.</doc>
<status status="PASS" starttime="20230102 15:25:08.123" endtime="20230102 15:25:10.419"/>
</kw>
<status status="PASS" starttime="20230102 15:25:08.122" endtime="20230102 15:25:10.421"/>
</kw>
<status status="PASS" starttime="20230102 15:24:54.970" endtime="20230102 15:25:10.423"/>
</test>
<test id="s1-s1-s1-s7-t7" name="If user is not admin, edit button is absent" line="96">
<kw name="Setup" type="SETUP">
<kw name="Open Browser" library="SeleniumLibrary">
<arg>${url}</arg>
<arg>${browser}</arg>
<doc>Opens a new browser instance to the optional ``url``.</doc>
<msg timestamp="20230102 15:25:10.459" level="INFO">Opening browser 'Chrome' to base url 'http://localhost:5173/hero'.</msg>
<status status="PASS" starttime="20230102 15:25:10.455" endtime="20230102 15:25:13.526"/>
</kw>
<status status="PASS" starttime="20230102 15:25:10.448" endtime="20230102 15:25:13.527"/>
</kw>
<kw name="Login as Guest">
<kw name="Click Link" library="SeleniumLibrary">
<arg>${link-login}</arg>
<doc>Clicks a link identified by ``locator``.</doc>
<msg timestamp="20230102 15:25:13.534" level="INFO">Clicking link 'xpath://body/div[@id='app']/div[1]/div[1]/nav[1]/div[1]/span[1]/a[5]'.</msg>
<status status="PASS" starttime="20230102 15:25:13.529" endtime="20230102 15:25:14.015"/>
</kw>
<kw name="Input Text" library="SeleniumLibrary">
<arg>${input-email}</arg>
<arg>${guest-email}</arg>
<doc>Types the given ``text`` into the text field identified by ``locator``.</doc>
<msg timestamp="20230102 15:25:14.017" level="INFO">Typing text 'g@aa.com' into text field 'xpath://input[@id='email']'.</msg>
<status status="PASS" starttime="20230102 15:25:14.015" endtime="20230102 15:25:15.042"/>
</kw>
<kw name="Input Text" library="SeleniumLibrary">
<arg>${input-pass}</arg>
<arg>${guest-pass}</arg>
<doc>Types the given ``text`` into the text field identified by ``locator``.</doc>
<msg timestamp="20230102 15:25:15.044" level="INFO">Typing text 'password' into text field 'xpath://input[@id='password']'.</msg>
<status status="PASS" starttime="20230102 15:25:15.042" endtime="20230102 15:25:15.510"/>
</kw>
<kw name="Click Button" library="SeleniumLibrary">
<arg>${btn-login}</arg>
<doc>Clicks the button identified by ``locator``.</doc>
<msg timestamp="20230102 15:25:15.515" level="INFO">Clicking button 'xpath://button[contains(text(),'Log in')]'.</msg>
<status status="PASS" starttime="20230102 15:25:15.511" endtime="20230102 15:25:16.246"/>
</kw>
<status status="PASS" starttime="20230102 15:25:13.528" endtime="20230102 15:25:16.249"/>
</kw>
<kw name="Go to Services">
<kw name="Wait Until Page Contains Element" library="SeleniumLibrary">
<arg>${link-services}</arg>
<arg>${wait-seconds}</arg>
<doc>Waits until the element ``locator`` appears on the current page.</doc>
<status status="PASS" starttime="20230102 15:25:16.252" endtime="20230102 15:25:16.388"/>
</kw>
<kw name="Click Element" library="SeleniumLibrary">
<arg>${link-services}</arg>
<doc>Click the element identified by ``locator``.</doc>
<msg timestamp="20230102 15:25:16.390" level="INFO">Clicking element 'xpath://span[contains(text(),'SERVICES')]'.</msg>
<status status="PASS" starttime="20230102 15:25:16.388" endtime="20230102 15:25:16.815"/>
</kw>
<status status="PASS" starttime="20230102 15:25:16.251" endtime="20230102 15:25:16.815"/>
</kw>
<kw name="Wait Until Page Does Not Contain Element" library="SeleniumLibrary">
<arg>${services-1-editBtn}</arg>
<arg>${wait-not-exist-seconds}</arg>
<doc>Waits until the element ``locator`` disappears from the current page.</doc>
<status status="PASS" starttime="20230102 15:25:16.819" endtime="20230102 15:25:17.001"/>
</kw>
<kw name="Teardown" type="TEARDOWN">
<kw name="Close Browser" library="SeleniumLibrary">
<doc>Closes the current browser.</doc>
<status status="PASS" starttime="20230102 15:25:17.005" endtime="20230102 15:25:19.411"/>
</kw>
<status status="PASS" starttime="20230102 15:25:17.004" endtime="20230102 15:25:19.412"/>
</kw>
<status status="PASS" starttime="20230102 15:25:10.440" endtime="20230102 15:25:19.418"/>
</test>
<status status="PASS" starttime="20230102 15:23:28.345" endtime="20230102 15:25:19.433"/>
</suite>
<status status="PASS" starttime="20230102 15:03:03.892" endtime="20230102 15:25:19.462"/>
</suite>
<status status="PASS" starttime="20230102 15:03:03.884" endtime="20230102 15:25:19.485"/>
</suite>
<status status="PASS" starttime="20230102 15:03:03.825" endtime="20230102 15:25:19.501"/>
</suite>
<statistics>
<total>
<stat pass="58" fail="0" skip="0">All Tests</stat>
</total>
<tag>
</tag>
<suite>
<stat pass="58" fail="0" skip="0" id="s1" name="Sanaol Agency">Sanaol Agency</stat>
<stat pass="58" fail="0" skip="0" id="s1-s1" name="Vue">Sanaol Agency.Vue</stat>
<stat pass="58" fail="0" skip="0" id="s1-s1-s1" name="Selenium">Sanaol Agency.Vue.Selenium</stat>
<stat pass="10" fail="0" skip="0" id="s1-s1-s1-s1" name="AccountTestCases">Sanaol Agency.Vue.Selenium.AccountTestCases</stat>
<stat pass="8" fail="0" skip="0" id="s1-s1-s1-s2" name="EventTestCases">Sanaol Agency.Vue.Selenium.EventTestCases</stat>
<stat pass="12" fail="0" skip="0" id="s1-s1-s1-s3" name="HeroBannerTestCases">Sanaol Agency.Vue.Selenium.HeroBannerTestCases</stat>
<stat pass="6" fail="0" skip="0" id="s1-s1-s1-s4" name="MyProfileTestCases">Sanaol Agency.Vue.Selenium.MyProfileTestCases</stat>
<stat pass="11" fail="0" skip="0" id="s1-s1-s1-s5" name="NewsTestCases">Sanaol Agency.Vue.Selenium.NewsTestCases</stat>
<stat pass="4" fail="0" skip="0" id="s1-s1-s1-s6" name="ReminderTestCases">Sanaol Agency.Vue.Selenium.ReminderTestCases</stat>
<stat pass="7" fail="0" skip="0" id="s1-s1-s1-s7" name="ServiceTestCases">Sanaol Agency.Vue.Selenium.ServiceTestCases</stat>
</suite>
</statistics>
<errors>
</errors>
</robot>
